#
# There is insufficient memory for the Java Runtime Environment to continue.
# Native memory allocation (malloc) failed to allocate 131088 bytes for Chunk::new
# Possible reasons:
#   The system is out of physical RAM or swap space
#   The process is running with CompressedOops enabled, and the Java Heap may be blocking the growth of the native heap
# Possible solutions:
#   Reduce memory load on the system
#   Increase physical memory or swap space
#   Check if swap backing store is full
#   Decrease Java heap size (-Xmx/-Xms)
#   Decrease number of Java threads
#   Decrease Java thread stack sizes (-Xss)
#   Set larger code cache with -XX:ReservedCodeCacheSize=
#   JVM is running with Zero Based Compressed Oops mode in which the Java heap is
#     placed in the first 32GB address space. The Java Heap base address is the
#     maximum limit for the native heap growth. Please use -XX:HeapBaseMinAddress
#     to set the Java Heap base and to place the Java Heap above 32GB virtual address.
# This output file may be truncated or incomplete.
#
#  Out of Memory Error (allocation.cpp:389), pid=114304, tid=0x000000000001682c
#
# JRE version: Java(TM) SE Runtime Environment (8.0_271-b09) (build 1.8.0_271-b09)
# Java VM: Java HotSpot(TM) 64-Bit Server VM (25.271-b09 mixed mode windows-amd64 compressed oops)
# Failed to write core dump. Minidumps are not enabled by default on client versions of Windows
#

---------------  T H R E A D  ---------------

Current thread (0x000001c86e72b000):  JavaThread "C2 CompilerThread2" daemon [_thread_in_native, id=92204, stack(0x0000007724400000,0x0000007724500000)]

Stack: [0x0000007724400000,0x0000007724500000]
Native frames: (J=compiled Java code, j=interpreted, Vv=VM code, C=native code)
V  [jvm.dll+0x33f6c9]
V  [jvm.dll+0x286122]
V  [jvm.dll+0x286dcd]
V  [jvm.dll+0x27d805]
V  [jvm.dll+0xe574c]
V  [jvm.dll+0xe5f4c]
V  [jvm.dll+0xe5a9d]
V  [jvm.dll+0x4d62cf]
V  [jvm.dll+0x49dc61]
V  [jvm.dll+0x4523ae]
V  [jvm.dll+0x44feb4]
V  [jvm.dll+0x43aef7]
V  [jvm.dll+0xbc3eb]
V  [jvm.dll+0xbaa4b]
V  [jvm.dll+0x24e7c2]
V  [jvm.dll+0x2a2dcc]
C  [ucrtbase.dll+0x26c0c]
C  [KERNEL32.DLL+0x154e0]
C  [ntdll.dll+0x485b]


Current CompileTask:
C2:  36564 8365   !   4       com.sun.org.apache.bcel.internal.generic.MethodGen::removeNOPs (135 bytes)


---------------  P R O C E S S  ---------------

Java Threads: ( => current thread )
  0x000001c86f9ea800 JavaThread "Service Thread" daemon [_thread_blocked, id=88728, stack(0x0000007724600000,0x0000007724700000)]
  0x000001c86e72f000 JavaThread "C1 CompilerThread3" daemon [_thread_blocked, id=156600, stack(0x0000007724500000,0x0000007724600000)]
=>0x000001c86e72b000 JavaThread "C2 CompilerThread2" daemon [_thread_in_native, id=92204, stack(0x0000007724400000,0x0000007724500000)]
  0x000001c86e72a000 JavaThread "C2 CompilerThread1" daemon [_thread_blocked, id=156332, stack(0x0000007724300000,0x0000007724400000)]
  0x000001c86e6d4000 JavaThread "C2 CompilerThread0" daemon [_thread_blocked, id=93028, stack(0x0000007724200000,0x0000007724300000)]
  0x000001c86e6d3800 JavaThread "Attach Listener" daemon [_thread_blocked, id=120044, stack(0x0000007724100000,0x0000007724200000)]
  0x000001c86e726000 JavaThread "Signal Dispatcher" daemon [_thread_blocked, id=108700, stack(0x0000007724000000,0x0000007724100000)]
  0x000001c86e69c800 JavaThread "Finalizer" daemon [_thread_blocked, id=111428, stack(0x0000007723f00000,0x0000007724000000)]
  0x000001c86da9e000 JavaThread "Reference Handler" daemon [_thread_blocked, id=154768, stack(0x0000007723e00000,0x0000007723f00000)]
  0x000001c852fa6800 JavaThread "main" [_thread_in_native, id=156036, stack(0x0000007723400000,0x0000007723500000)]

Other Threads:
  0x000001c86da9d000 VMThread [stack: 0x0000007723d00000,0x0000007723e00000] [id=85080]
  0x000001c86fa18000 WatcherThread [stack: 0x0000007724700000,0x0000007724800000] [id=134656]

VM state:not at safepoint (normal execution)

VM Mutex/Monitor currently owned by a thread: None

heap address: 0x00000006c3200000, size: 4046 MB, Compressed Oops mode: Zero based, Oop shift amount: 3
Narrow klass base: 0x0000000000000000, Narrow klass shift: 3
Compressed class space size: 1073741824 Address: 0x00000007c0000000

Heap:
 PSYoungGen      total 260096K, used 225070K [0x000000076bb80000, 0x000000077d280000, 0x00000007c0000000)
  eden space 245760K, 90% used [0x000000076bb80000,0x0000000779563838,0x000000077ab80000)
  from space 14336K, 13% used [0x000000077c480000,0x000000077c668000,0x000000077d280000)
  to   space 19968K, 0% used [0x000000077ab80000,0x000000077ab80000,0x000000077bf00000)
 ParOldGen       total 207872K, used 25427K [0x00000006c3200000, 0x00000006cfd00000, 0x000000076bb80000)
  object space 207872K, 12% used [0x00000006c3200000,0x00000006c4ad4ee0,0x00000006cfd00000)
 Metaspace       used 35360K, capacity 36842K, committed 37160K, reserved 1081344K
  class space    used 3977K, capacity 4310K, committed 4400K, reserved 1048576K

Card table byte_map: [0x000001c863e00000,0x000001c8645f0000] byte_map_base: 0x000001c8607e7000

Marking Bits: (ParMarkBitMap*) 0x0000000073f77fe0
 Begin Bits: [0x000001c864b40000, 0x000001c868a78000)
 End Bits:   [0x000001c868a78000, 0x000001c86c9b0000)

Polling page: 0x000001c853160000

CodeCache: size=245760Kb used=26305Kb max_used=26363Kb free=219454Kb
 bounds [0x000001c854a40000, 0x000001c856430000, 0x000001c863a40000]
 total_blobs=7700 nmethods=7234 adapters=378
 compilation: enabled

Compilation events (10 events):
Event: 36.529 Thread 0x000001c86e72f000 nmethod 8386 0x000001c85640c110 code [0x000001c85640c2a0, 0x000001c85640c6c0]
Event: 36.529 Thread 0x000001c86e72f000 8387       3       aQute.bnd.osgi.Processor$2::<init> (15 bytes)
Event: 36.529 Thread 0x000001c86e72f000 nmethod 8387 0x000001c85640bd10 code [0x000001c85640be60, 0x000001c85640c058]
Event: 36.529 Thread 0x000001c86e72f000 8388       3       aQute.lib.collections.SortedList::fromIterator (18 bytes)
Event: 36.529 Thread 0x000001c86e72f000 nmethod 8388 0x000001c85640b6d0 code [0x000001c85640b860, 0x000001c85640bbc0]
Event: 36.529 Thread 0x000001c86e72f000 8389       3       aQute.lib.collections.SortedList::<init> (14 bytes)
Event: 36.530 Thread 0x000001c86e72f000 nmethod 8389 0x000001c85640b1d0 code [0x000001c85640b340, 0x000001c85640b5c0]
Event: 36.540 Thread 0x000001c86e72f000 8390       3       org.apache.maven.project.MavenProject::addLifecyclePhase (12 bytes)
Event: 36.541 Thread 0x000001c86e72f000 nmethod 8390 0x000001c85640ad50 code [0x000001c85640aec0, 0x000001c85640b0f0]
Event: 36.545 Thread 0x000001c86e72a000 nmethod 8379 0x000001c85640fe50 code [0x000001c8564100a0, 0x000001c856411100]

GC Heap History (10 events):
Event: 13.625 GC heap before
{Heap before GC invocations=8 (full 1):
 PSYoungGen      total 184832K, used 184757K [0x000000076bb80000, 0x0000000778700000, 0x00000007c0000000)
  eden space 172032K, 100% used [0x000000076bb80000,0x0000000776380000,0x0000000776380000)
  from space 12800K, 99% used [0x0000000777a80000,0x00000007786ed7d0,0x0000000778700000)
  to   space 17920K, 0% used [0x0000000776400000,0x0000000776400000,0x0000000777580000)
 ParOldGen       total 131584K, used 21398K [0x00000006c3200000, 0x00000006cb280000, 0x000000076bb80000)
  object space 131584K, 16% used [0x00000006c3200000,0x00000006c46e5ac8,0x00000006cb280000)
 Metaspace       used 34068K, capacity 35160K, committed 35248K, reserved 1081344K
  class space    used 3913K, capacity 4219K, committed 4272K, reserved 1048576K
Event: 13.631 GC heap after
Heap after GC invocations=8 (full 1):
 PSYoungGen      total 190464K, used 9610K [0x000000076bb80000, 0x000000077b500000, 0x00000007c0000000)
  eden space 172544K, 0% used [0x000000076bb80000,0x000000076bb80000,0x0000000776400000)
  from space 17920K, 53% used [0x0000000776400000,0x0000000776d62ba8,0x0000000777580000)
  to   space 18432K, 0% used [0x000000077a300000,0x000000077a300000,0x000000077b500000)
 ParOldGen       total 131584K, used 21406K [0x00000006c3200000, 0x00000006cb280000, 0x000000076bb80000)
  object space 131584K, 16% used [0x00000006c3200000,0x00000006c46e7ac8,0x00000006cb280000)
 Metaspace       used 34068K, capacity 35160K, committed 35248K, reserved 1081344K
  class space    used 3913K, capacity 4219K, committed 4272K, reserved 1048576K
}
Event: 15.738 GC heap before
{Heap before GC invocations=9 (full 1):
 PSYoungGen      total 190464K, used 50097K [0x000000076bb80000, 0x000000077b500000, 0x00000007c0000000)
  eden space 172544K, 23% used [0x000000076bb80000,0x000000076e309a28,0x0000000776400000)
  from space 17920K, 53% used [0x0000000776400000,0x0000000776d62ba8,0x0000000777580000)
  to   space 18432K, 0% used [0x000000077a300000,0x000000077a300000,0x000000077b500000)
 ParOldGen       total 131584K, used 21406K [0x00000006c3200000, 0x00000006cb280000, 0x000000076bb80000)
  object space 131584K, 16% used [0x00000006c3200000,0x00000006c46e7ac8,0x00000006cb280000)
 Metaspace       used 34218K, capacity 35422K, committed 35496K, reserved 1081344K
  class space    used 3933K, capacity 4254K, committed 4272K, reserved 1048576K
Event: 15.748 GC heap after
Heap after GC invocations=9 (full 1):
 PSYoungGen      total 232960K, used 9543K [0x000000076bb80000, 0x000000077b300000, 0x00000007c0000000)
  eden space 216576K, 0% used [0x000000076bb80000,0x000000076bb80000,0x0000000778f00000)
  from space 16384K, 58% used [0x000000077a300000,0x000000077ac51e58,0x000000077b300000)
  to   space 18432K, 0% used [0x0000000778f00000,0x0000000778f00000,0x000000077a100000)
 ParOldGen       total 131584K, used 21414K [0x00000006c3200000, 0x00000006cb280000, 0x000000076bb80000)
  object space 131584K, 16% used [0x00000006c3200000,0x00000006c46e9ac8,0x00000006cb280000)
 Metaspace       used 34218K, capacity 35422K, committed 35496K, reserved 1081344K
  class space    used 3933K, capacity 4254K, committed 4272K, reserved 1048576K
}
Event: 15.748 GC heap before
{Heap before GC invocations=10 (full 2):
 PSYoungGen      total 232960K, used 9543K [0x000000076bb80000, 0x000000077b300000, 0x00000007c0000000)
  eden space 216576K, 0% used [0x000000076bb80000,0x000000076bb80000,0x0000000778f00000)
  from space 16384K, 58% used [0x000000077a300000,0x000000077ac51e58,0x000000077b300000)
  to   space 18432K, 0% used [0x0000000778f00000,0x0000000778f00000,0x000000077a100000)
 ParOldGen       total 131584K, used 21414K [0x00000006c3200000, 0x00000006cb280000, 0x000000076bb80000)
  object space 131584K, 16% used [0x00000006c3200000,0x00000006c46e9ac8,0x00000006cb280000)
 Metaspace       used 34218K, capacity 35422K, committed 35496K, reserved 1081344K
  class space    used 3933K, capacity 4254K, committed 4272K, reserved 1048576K
Event: 15.842 GC heap after
Heap after GC invocations=10 (full 2):
 PSYoungGen      total 232960K, used 0K [0x000000076bb80000, 0x000000077b300000, 0x00000007c0000000)
  eden space 216576K, 0% used [0x000000076bb80000,0x000000076bb80000,0x0000000778f00000)
  from space 16384K, 0% used [0x000000077a300000,0x000000077a300000,0x000000077b300000)
  to   space 18432K, 0% used [0x0000000778f00000,0x0000000778f00000,0x000000077a100000)
 ParOldGen       total 207872K, used 25411K [0x00000006c3200000, 0x00000006cfd00000, 0x000000076bb80000)
  object space 207872K, 12% used [0x00000006c3200000,0x00000006c4ad0ee0,0x00000006cfd00000)
 Metaspace       used 33987K, capacity 34882K, committed 35496K, reserved 1081344K
  class space    used 3904K, capacity 4214K, committed 4272K, reserved 1048576K
}
Event: 22.493 GC heap before
{Heap before GC invocations=11 (full 2):
 PSYoungGen      total 232960K, used 216576K [0x000000076bb80000, 0x000000077b300000, 0x00000007c0000000)
  eden space 216576K, 100% used [0x000000076bb80000,0x0000000778f00000,0x0000000778f00000)
  from space 16384K, 0% used [0x000000077a300000,0x000000077a300000,0x000000077b300000)
  to   space 18432K, 0% used [0x0000000778f00000,0x0000000778f00000,0x000000077a100000)
 ParOldGen       total 207872K, used 25411K [0x00000006c3200000, 0x00000006cfd00000, 0x000000076bb80000)
  object space 207872K, 12% used [0x00000006c3200000,0x00000006c4ad0ee0,0x00000006cfd00000)
 Metaspace       used 34533K, capacity 35652K, committed 35880K, reserved 1081344K
  class space    used 3939K, capacity 4257K, committed 4400K, reserved 1048576K
Event: 22.497 GC heap after
Heap after GC invocations=11 (full 2):
 PSYoungGen      total 235008K, used 6971K [0x000000076bb80000, 0x000000077d700000, 0x00000007c0000000)
  eden space 216576K, 0% used [0x000000076bb80000,0x000000076bb80000,0x0000000778f00000)
  from space 18432K, 37% used [0x0000000778f00000,0x00000007795cef00,0x000000077a100000)
  to   space 18944K, 0% used [0x000000077c480000,0x000000077c480000,0x000000077d700000)
 ParOldGen       total 207872K, used 25419K [0x00000006c3200000, 0x00000006cfd00000, 0x000000076bb80000)
  object space 207872K, 12% used [0x00000006c3200000,0x00000006c4ad2ee0,0x00000006cfd00000)
 Metaspace       used 34533K, capacity 35652K, committed 35880K, reserved 1081344K
  class space    used 3939K, capacity 4257K, committed 4400K, reserved 1048576K
}
Event: 29.566 GC heap before
{Heap before GC invocations=12 (full 2):
 PSYoungGen      total 235008K, used 223547K [0x000000076bb80000, 0x000000077d700000, 0x00000007c0000000)
  eden space 216576K, 100% used [0x000000076bb80000,0x0000000778f00000,0x0000000778f00000)
  from space 18432K, 37% used [0x0000000778f00000,0x00000007795cef00,0x000000077a100000)
  to   space 18944K, 0% used [0x000000077c480000,0x000000077c480000,0x000000077d700000)
 ParOldGen       total 207872K, used 25419K [0x00000006c3200000, 0x00000006cfd00000, 0x000000076bb80000)
  object space 207872K, 12% used [0x00000006c3200000,0x00000006c4ad2ee0,0x00000006cfd00000)
 Metaspace       used 35015K, capacity 36314K, committed 36648K, reserved 1081344K
  class space    used 3958K, capacity 4284K, committed 4400K, reserved 1048576K
Event: 29.568 GC heap after
Heap after GC invocations=12 (full 2):
 PSYoungGen      total 260096K, used 1952K [0x000000076bb80000, 0x000000077d280000, 0x00000007c0000000)
  eden space 245760K, 0% used [0x000000076bb80000,0x000000076bb80000,0x000000077ab80000)
  from space 14336K, 13% used [0x000000077c480000,0x000000077c668000,0x000000077d280000)
  to   space 19968K, 0% used [0x000000077ab80000,0x000000077ab80000,0x000000077bf00000)
 ParOldGen       total 207872K, used 25427K [0x00000006c3200000, 0x00000006cfd00000, 0x000000076bb80000)
  object space 207872K, 12% used [0x00000006c3200000,0x00000006c4ad4ee0,0x00000006cfd00000)
 Metaspace       used 35015K, capacity 36314K, committed 36648K, reserved 1081344K
  class space    used 3958K, capacity 4284K, committed 4400K, reserved 1048576K
}

Deoptimization events (10 events):
Event: 22.553 Thread 0x000001c852fa6800 Uncommon trap: reason=unstable_if action=reinterpret pc=0x000001c855f0023c method=aQute.bnd.osgi.Clazz.findMethodReference(Ljava/lang/String;Ljava/lang/String;Ljava/lang/String;)I @ 134
Event: 22.578 Thread 0x000001c852fa6800 Uncommon trap: reason=unstable_if action=reinterpret pc=0x000001c856008e44 method=sun.nio.fs.WindowsNativeDispatcher.asNativeBuffer(Ljava/lang/String;)Lsun/nio/fs/NativeBuffer; @ 52
Event: 22.662 Thread 0x000001c852fa6800 Uncommon trap: reason=unstable_if action=reinterpret pc=0x000001c855e5885c method=aQute.bnd.osgi.Clazz.findMethodReference(Ljava/lang/String;Ljava/lang/String;Ljava/lang/String;)I @ 134
Event: 22.716 Thread 0x000001c852fa6800 Uncommon trap: reason=class_check action=maybe_recompile pc=0x000001c855f7e7c0 method=java.util.ComparableTimSort.mergeHi(IIII)V @ 214
Event: 22.717 Thread 0x000001c852fa6800 Uncommon trap: reason=class_check action=maybe_recompile pc=0x000001c855f7e7c0 method=java.util.ComparableTimSort.mergeHi(IIII)V @ 214
Event: 28.152 Thread 0x000001c852fa6800 Uncommon trap: reason=unstable_if action=reinterpret pc=0x000001c85599ad5c method=org.codehaus.plexus.util.SelectorUtils.match([C[CZ)Z @ 111
Event: 31.662 Thread 0x000001c852fa6800 Uncommon trap: reason=null_check action=make_not_entrant pc=0x000001c855d5e608 method=org.codehaus.plexus.util.xml.Xpp3Dom.mergeIntoXpp3Dom(Lorg/codehaus/plexus/util/xml/Xpp3Dom;Lorg/codehaus/plexus/util/xml/Xpp3Dom;Ljava/lang/Boolean;)V @ 19
Event: 31.688 Thread 0x000001c852fa6800 Uncommon trap: reason=predicate action=maybe_recompile pc=0x000001c8561fe280 method=org.codehaus.plexus.util.SelectorUtils.matchAntPathPattern([[C[[CZ)Z @ 121
Event: 31.783 Thread 0x000001c852fa6800 Uncommon trap: reason=predicate action=maybe_recompile pc=0x000001c855aa6938 method=aQute.bnd.osgi.Processor.getLiteralProperty(Ljava/lang/String;Ljava/lang/String;LaQute/bnd/osgi/Processor;Z)Ljava/lang/String; @ 105
Event: 33.895 Thread 0x000001c852fa6800 Uncommon trap: reason=class_check action=maybe_recompile pc=0x000001c855f7e7c0 method=java.util.ComparableTimSort.mergeHi(IIII)V @ 214

Classes redefined (0 events):
No events

Internal exceptions (10 events):
Event: 34.125 Thread 0x000001c852fa6800 Implicit null exception at 0x000001c856311d41 to 0x000001c856315250
Event: 34.125 Thread 0x000001c852fa6800 Exception <a 'java/lang/NullPointerException'> (0x0000000776e3e4d8) thrown at [C:\jenkins\workspace\8-2-build-windows-amd64-cygwin\jdk8u271\605\hotspot\src\share\vm\runtime\sharedRuntime.cpp, line 609]
Event: 34.125 Thread 0x000001c852fa6800 Implicit null exception at 0x000001c856311d41 to 0x000001c856315250
Event: 34.125 Thread 0x000001c852fa6800 Exception <a 'java/lang/NullPointerException'> (0x0000000776e3e8d8) thrown at [C:\jenkins\workspace\8-2-build-windows-amd64-cygwin\jdk8u271\605\hotspot\src\share\vm\runtime\sharedRuntime.cpp, line 609]
Event: 34.125 Thread 0x000001c852fa6800 Implicit null exception at 0x000001c856311d41 to 0x000001c856315250
Event: 34.125 Thread 0x000001c852fa6800 Exception <a 'java/lang/NullPointerException'> (0x0000000776e3f570) thrown at [C:\jenkins\workspace\8-2-build-windows-amd64-cygwin\jdk8u271\605\hotspot\src\share\vm\runtime\sharedRuntime.cpp, line 609]
Event: 34.125 Thread 0x000001c852fa6800 Implicit null exception at 0x000001c856311d41 to 0x000001c856315250
Event: 34.125 Thread 0x000001c852fa6800 Exception <a 'java/lang/NullPointerException'> (0x0000000776e3f970) thrown at [C:\jenkins\workspace\8-2-build-windows-amd64-cygwin\jdk8u271\605\hotspot\src\share\vm\runtime\sharedRuntime.cpp, line 609]
Event: 34.125 Thread 0x000001c852fa6800 Implicit null exception at 0x000001c856311d41 to 0x000001c856315250
Event: 34.125 Thread 0x000001c852fa6800 Exception <a 'java/lang/NullPointerException'> (0x0000000776e3fd70) thrown at [C:\jenkins\workspace\8-2-build-windows-amd64-cygwin\jdk8u271\605\hotspot\src\share\vm\runtime\sharedRuntime.cpp, line 609]

Events (10 events):
Event: 34.106 Thread 0x000001c8723a6000 Thread exited: 0x000001c8723a6000
Event: 34.106 Thread 0x000001c8723a4000 Thread exited: 0x000001c8723a4000
Event: 34.106 Thread 0x000001c8723a1000 Thread exited: 0x000001c8723a1000
Event: 34.106 Thread 0x000001c8723a5800 Thread exited: 0x000001c8723a5800
Event: 36.506 Thread 0x000001c852fa6800 DEOPT PACKING pc=0x000001c855dff101 sp=0x00000077234fca00
Event: 36.506 Thread 0x000001c852fa6800 DEOPT UNPACKING pc=0x000001c854a87898 sp=0x00000077234fc738 mode 0
Event: 36.516 Thread 0x000001c852fa6800 DEOPT PACKING pc=0x000001c855d17f19 sp=0x00000077234fd580
Event: 36.516 Thread 0x000001c852fa6800 DEOPT UNPACKING pc=0x000001c854a87898 sp=0x00000077234fd338 mode 0
Event: 36.516 Thread 0x000001c852fa6800 DEOPT PACKING pc=0x000001c8553f5ab5 sp=0x00000077234fd6a0
Event: 36.516 Thread 0x000001c852fa6800 DEOPT UNPACKING pc=0x000001c854a87898 sp=0x00000077234fd460 mode 0


Dynamic libraries:
0x00007ff720ec0000 - 0x00007ff720f07000 	C:\Program Files\Java\jdk1.8.0_271\bin\java.exe
0x00007ff8dc1c0000 - 0x00007ff8dc3c7000 	C:\WINDOWS\SYSTEM32\ntdll.dll
0x00007ff8da790000 - 0x00007ff8da84d000 	C:\WINDOWS\System32\KERNEL32.DLL
0x00007ff8d98e0000 - 0x00007ff8d9c54000 	C:\WINDOWS\System32\KERNELBASE.dll
0x00007ff8dc0d0000 - 0x00007ff8dc17e000 	C:\WINDOWS\System32\ADVAPI32.dll
0x00007ff8da850000 - 0x00007ff8da8f3000 	C:\WINDOWS\System32\msvcrt.dll
0x00007ff8da900000 - 0x00007ff8da99e000 	C:\WINDOWS\System32\sechost.dll
0x00007ff8dbe50000 - 0x00007ff8dbf70000 	C:\WINDOWS\System32\RPCRT4.dll
0x00007ff8da9a0000 - 0x00007ff8dab4c000 	C:\WINDOWS\System32\USER32.dll
0x00007ff8d9dd0000 - 0x00007ff8d9df6000 	C:\WINDOWS\System32\win32u.dll
0x00007ff8daef0000 - 0x00007ff8daf19000 	C:\WINDOWS\System32\GDI32.dll
0x00007ff8d97c0000 - 0x00007ff8d98d2000 	C:\WINDOWS\System32\gdi32full.dll
0x00007ff8d9720000 - 0x00007ff8d97bd000 	C:\WINDOWS\System32\msvcp_win.dll
0x00007ff8d9e00000 - 0x00007ff8d9f11000 	C:\WINDOWS\System32\ucrtbase.dll
0x00007ff8c0550000 - 0x00007ff8c07f5000 	C:\WINDOWS\WinSxS\amd64_microsoft.windows.common-controls_6595b64144ccf1df_6.0.22000.120_none_9d947278b86cc467\COMCTL32.dll
0x00007ff8dbe10000 - 0x00007ff8dbe41000 	C:\WINDOWS\System32\IMM32.DLL
0x00007ff8c7700000 - 0x00007ff8c7715000 	C:\Program Files\Java\jdk1.8.0_271\jre\bin\vcruntime140.dll
0x00007ff8bc020000 - 0x00007ff8bc0bb000 	C:\Program Files\Java\jdk1.8.0_271\jre\bin\msvcp140.dll
0x0000000073780000 - 0x0000000073fef000 	C:\Program Files\Java\jdk1.8.0_271\jre\bin\server\jvm.dll
0x00007ff8dbbb0000 - 0x00007ff8dbbb8000 	C:\WINDOWS\System32\PSAPI.DLL
0x00007ff8b8780000 - 0x00007ff8b8789000 	C:\WINDOWS\SYSTEM32\WSOCK32.dll
0x00007ff8dbf70000 - 0x00007ff8dbfdf000 	C:\WINDOWS\System32\WS2_32.dll
0x00007ff8d4840000 - 0x00007ff8d4873000 	C:\WINDOWS\SYSTEM32\WINMM.dll
0x00007ff8d1670000 - 0x00007ff8d167a000 	C:\WINDOWS\SYSTEM32\VERSION.dll
0x00007ff8d88a0000 - 0x00007ff8d88b8000 	C:\WINDOWS\SYSTEM32\kernel.appcore.dll
0x00007ff8c80f0000 - 0x00007ff8c8100000 	C:\Program Files\Java\jdk1.8.0_271\jre\bin\verify.dll
0x00007ff8c1320000 - 0x00007ff8c134b000 	C:\Program Files\Java\jdk1.8.0_271\jre\bin\java.dll
0x00007ff8c0420000 - 0x00007ff8c0438000 	C:\Program Files\Java\jdk1.8.0_271\jre\bin\zip.dll
0x00007ff8db300000 - 0x00007ff8dbaae000 	C:\WINDOWS\System32\SHELL32.dll
0x00007ff8d7830000 - 0x00007ff8d8097000 	C:\WINDOWS\SYSTEM32\windows.storage.dll
0x00007ff8daf80000 - 0x00007ff8db2f8000 	C:\WINDOWS\System32\combase.dll
0x00007ff8d7560000 - 0x00007ff8d76c6000 	C:\WINDOWS\SYSTEM32\wintypes.dll
0x00007ff8dbac0000 - 0x00007ff8dbbaa000 	C:\WINDOWS\System32\SHCORE.dll
0x00007ff8daf20000 - 0x00007ff8daf7d000 	C:\WINDOWS\System32\shlwapi.dll
0x00007ff8d95e0000 - 0x00007ff8d9601000 	C:\WINDOWS\SYSTEM32\profapi.dll
0x00007ff8c7f50000 - 0x00007ff8c7f5a000 	C:\apache-maven-3.6.3\lib\jansi-native\windows64\jansi.dll
0x00007ff8bed90000 - 0x00007ff8bedac000 	C:\Program Files\Java\jdk1.8.0_271\jre\bin\net.dll
0x00007ff8d8cd0000 - 0x00007ff8d8d37000 	C:\WINDOWS\system32\mswsock.dll
0x00007ff8bdd10000 - 0x00007ff8bdd23000 	C:\Program Files\Java\jdk1.8.0_271\jre\bin\nio.dll
0x00007ff8bcd20000 - 0x00007ff8bcd44000 	C:\Program Files\Java\jdk1.8.0_271\jre\bin\sunec.dll
0x00007ff8d8410000 - 0x00007ff8d843d000 	C:\WINDOWS\SYSTEM32\IPHLPAPI.DLL
0x00007ff8dbab0000 - 0x00007ff8dbab9000 	C:\WINDOWS\System32\NSI.dll
0x00007ff8d3820000 - 0x00007ff8d3839000 	C:\WINDOWS\SYSTEM32\dhcpcsvc6.DLL
0x00007ff8d3be0000 - 0x00007ff8d3bfe000 	C:\WINDOWS\SYSTEM32\dhcpcsvc.DLL
0x00007ff8d8440000 - 0x00007ff8d8527000 	C:\WINDOWS\SYSTEM32\DNSAPI.dll
0x00007ff8d8f10000 - 0x00007ff8d8f28000 	C:\WINDOWS\SYSTEM32\CRYPTSP.dll
0x00007ff8d8800000 - 0x00007ff8d8835000 	C:\WINDOWS\system32\rsaenh.dll
0x00007ff8d8dc0000 - 0x00007ff8d8de9000 	C:\WINDOWS\SYSTEM32\USERENV.dll
0x00007ff8d9090000 - 0x00007ff8d90b7000 	C:\WINDOWS\SYSTEM32\bcrypt.dll
0x00007ff8d9fe0000 - 0x00007ff8da05f000 	C:\WINDOWS\System32\bcryptprimitives.dll
0x00007ff8d8f30000 - 0x00007ff8d8f3c000 	C:\WINDOWS\SYSTEM32\CRYPTBASE.dll
0x00007ff8c68a0000 - 0x00007ff8c68ad000 	C:\Program Files\Java\jdk1.8.0_271\jre\bin\management.dll
0x00007ff8b0150000 - 0x00007ff8b019b000 	C:\Program Files (x86)\Sangfor\SSL\ClientComponent3\SangforNspX64.dll
0x00007ff8dad50000 - 0x00007ff8daeea000 	C:\WINDOWS\System32\ole32.dll
0x00007ff8dab50000 - 0x00007ff8dac26000 	C:\WINDOWS\System32\OLEAUT32.dll
0x00007ff8afd60000 - 0x00007ff8afd77000 	C:\WINDOWS\system32\napinsp.dll
0x00007ff8b0da0000 - 0x00007ff8b0dbb000 	C:\WINDOWS\system32\pnrpnsp.dll
0x00007ff8afd40000 - 0x00007ff8afd52000 	C:\WINDOWS\System32\winrnr.dll
0x00007ff8d27d0000 - 0x00007ff8d27e5000 	C:\WINDOWS\system32\wshbth.dll
0x00007ff8afd20000 - 0x00007ff8afd3f000 	C:\WINDOWS\system32\nlansp_c.dll
0x00007ff8d2510000 - 0x00007ff8d251a000 	C:\Windows\System32\rasadhlp.dll
0x00007ff8d1d70000 - 0x00007ff8d1df1000 	C:\WINDOWS\System32\fwpuclnt.dll
0x00007ff8d7330000 - 0x00007ff8d7551000 	C:\WINDOWS\SYSTEM32\dbghelp.dll

VM Arguments:
jvm_args: -Dclassworlds.conf=C:\apache-maven-3.6.3\bin\..\bin\m2.conf -Dmaven.home=C:\apache-maven-3.6.3\bin\.. -Dlibrary.jansi.path=C:\apache-maven-3.6.3\bin\..\lib\jansi-native -Dmaven.multiModuleProjectDirectory=D:\java\flowable-engine 
java_command: org.codehaus.plexus.classworlds.launcher.Launcher deploy -DskipTests
java_class_path (initial): C:\apache-maven-3.6.3\bin\..\boot\plexus-classworlds-2.6.0.jar
Launcher Type: SUN_STANDARD

Environment Variables:
JAVA_HOME=C:\Program Files\Java\jdk1.8.0_271
JRE_HOME=C:\Program Files\Java\jdk1.8.0_271\jre
PATH=C:\Python310\Scripts\;C:\Python310\;D:\Python27\;D:\Python27\Scripts;D:\Program Files (x86)\VMware\VMware Workstation\bin\;C:\Program Files (x86)\Common Files\Oracle\Java\javapath;C:\Windows\system32;C:\Windows;C:\Windows\System32\Wbem;C:\Windows\System32\WindowsPowerShell\v1.0\;C:\Windows\System32\OpenSSH\;C:\Program Files (x86)\NVIDIA Corporation\PhysX\Common;C:\Program Files\NVIDIA Corporation\NVIDIA NvDLISR;d:\Program Files\Git\cmd;C:\Program Files (x86)\Yarn\bin\;C:\Program Files (x86)\Microsoft SQL Server\100\Tools\Binn\;C:\Program Files\Microsoft SQL Server\100\Tools\Binn\;C:\Program Files\Microsoft SQL Server\100\DTS\Binn\;C:\Program Files\CMake\bin;C:\TDM-GCC-64\bin;D:\Program Files (x86)\NetSarang\Xshell 7\;D:\Program Files (x86)\NetSarang\Xftp 7\;C:\ProgramData\chocolatey\bin;D:\Programs\php-8.0.3-nts-Win32-vs16-x64;D:\Program Files\Go\bin;C:\WINDOWS\system32;C:\WINDOWS;C:\WINDOWS\System32\Wbem;C:\WINDOWS\System32\WindowsPowerShell\v1.0\;C:\WINDOWS\System32\OpenSSH\;D:\Program Files\OpenVPN\bin;C:\Program Files\nodejs\;C:\Users\hulup\AppData\Local\Programs\Python\Python39\Scripts\;C:\Users\hulup\AppData\Local\Programs\Python\Python39\;C:\Program Files\MySQL\MySQL Shell 8.0\bin\;C:\Users\hulup\AppData\Local\Microsoft\WindowsApps;d:\Programs\Microsoft VS Code\bin;C:\Users\hulup\AppData\Local\Yarn\bin;C:\Program Files\Java\jdk1.8.0_271\bin\java.exe;C:\apache-maven-3.6.3\bin\;C:\TDM-GCC-64\bin;C:\Program Files\Java\jdk1.8.0_271\bin\;C:\Program Files\Java\jdk1.8.0_271\;D:\Programs\php-8.0.3-nts-Win32-vs16-x64;C:\Users\hulup\AppData\Local\ComposerSetup\bin;C:\Users\hulup\AppData\Roaming\Composer\vendor\bin;D:\Program Files (x86)\zhwk\bin\mslib;D:\Program Files (x86)\zhwk\bin\mslibx64;C:\Users\hulup\go\bin;C:\Users\hulup\AppData\Local\gitkraken\bin;C:\Users\hulup\AppData\Local\Microsoft\WindowsApps;C:\Users\hulup\AppData\Roaming\npm
USERNAME=hulup
OS=Windows_NT
PROCESSOR_IDENTIFIER=Intel64 Family 6 Model 140 Stepping 1, GenuineIntel



---------------  S Y S T E M  ---------------

OS: Windows 10.0 , 64 bit Build 22000 (10.0.22000.434)

CPU:total 8 (initial active 8) (4 cores per cpu, 2 threads per core) family 6 model 140 stepping 1, cmov, cx8, fxsr, mmx, sse, sse2, sse3, ssse3, sse4.1, sse4.2, popcnt, avx, avx2, aes, clmul, erms, 3dnowpref, lzcnt, ht, tsc, tscinvbit, bmi1, bmi2, adx

Memory: 4k page, physical 16571704k(628928k free), swap 28189236k(5164k free)

vm_info: Java HotSpot(TM) 64-Bit Server VM (25.271-b09) for windows-amd64 JRE (1.8.0_271-b09), built on Sep 16 2020 19:14:59 by "" with MS VC++ 15.9 (VS2017)

time: Mon Feb 21 12:11:49 2022
timezone: 中国标准时间
elapsed time: 36.570550 seconds (0d 0h 0m 36s)

