#
# There is insufficient memory for the Java Runtime Environment to continue.
# Native memory allocation (malloc) failed to allocate 271216 bytes for Chunk::new
# Possible reasons:
#   The system is out of physical RAM or swap space
#   The process is running with CompressedOops enabled, and the Java Heap may be blocking the growth of the native heap
# Possible solutions:
#   Reduce memory load on the system
#   Increase physical memory or swap space
#   Check if swap backing store is full
#   Decrease Java heap size (-Xmx/-Xms)
#   Decrease number of Java threads
#   Decrease Java thread stack sizes (-Xss)
#   Set larger code cache with -XX:ReservedCodeCacheSize=
#   JVM is running with Zero Based Compressed Oops mode in which the Java heap is
#     placed in the first 32GB address space. The Java Heap base address is the
#     maximum limit for the native heap growth. Please use -XX:HeapBaseMinAddress
#     to set the Java Heap base and to place the Java Heap above 32GB virtual address.
# This output file may be truncated or incomplete.
#
#  Out of Memory Error (allocation.cpp:389), pid=108252, tid=0x000000000001d58c
#
# JRE version: Java(TM) SE Runtime Environment (8.0_271-b09) (build 1.8.0_271-b09)
# Java VM: Java HotSpot(TM) 64-Bit Server VM (25.271-b09 mixed mode windows-amd64 compressed oops)
# Failed to write core dump. Minidumps are not enabled by default on client versions of Windows
#

---------------  T H R E A D  ---------------

Current thread (0x000001c4d31f8000):  JavaThread "C2 CompilerThread0" daemon [_thread_in_native, id=120204, stack(0x000000af0b900000,0x000000af0ba00000)]

Stack: [0x000000af0b900000,0x000000af0ba00000]
Native frames: (J=compiled Java code, j=interpreted, Vv=VM code, C=native code)
V  [jvm.dll+0x33f6c9]


Current CompileTask:
C2:  29424 8681       4       org.apache.maven.wagon.providers.http.httpclient.client.utils.URLEncodedUtils::urlDecode (183 bytes)


---------------  P R O C E S S  ---------------

Java Threads: ( => current thread )
  0x000001c4d4544800 JavaThread "Service Thread" daemon [_thread_blocked, id=117424, stack(0x000000af0bd00000,0x000000af0be00000)]
  0x000001c4d3203800 JavaThread "C1 CompilerThread3" daemon [_thread_blocked, id=156100, stack(0x000000af0bc00000,0x000000af0bd00000)]
  0x000001c4d31fd800 JavaThread "C2 CompilerThread2" daemon [_thread_blocked, id=129912, stack(0x000000af0bb00000,0x000000af0bc00000)]
  0x000001c4d31fa000 JavaThread "C2 CompilerThread1" daemon [_thread_blocked, id=103072, stack(0x000000af0ba00000,0x000000af0bb00000)]
=>0x000001c4d31f8000 JavaThread "C2 CompilerThread0" daemon [_thread_in_native, id=120204, stack(0x000000af0b900000,0x000000af0ba00000)]
  0x000001c4d31a4000 JavaThread "Attach Listener" daemon [_thread_blocked, id=155792, stack(0x000000af0b800000,0x000000af0b900000)]
  0x000001c4d318d000 JavaThread "Signal Dispatcher" daemon [_thread_blocked, id=150280, stack(0x000000af0b700000,0x000000af0b800000)]
  0x000001c4d316e000 JavaThread "Finalizer" daemon [_thread_blocked, id=135092, stack(0x000000af0b600000,0x000000af0b700000)]
  0x000001c4d3166800 JavaThread "Reference Handler" daemon [_thread_blocked, id=126532, stack(0x000000af0b500000,0x000000af0b600000)]
  0x000001c4b7ae5800 JavaThread "main" [_thread_in_native, id=115640, stack(0x000000af0ab00000,0x000000af0ac00000)]

Other Threads:
  0x000001c4d257d000 VMThread [stack: 0x000000af0b400000,0x000000af0b500000] [id=105456]
  0x000001c4d4582800 WatcherThread [stack: 0x000000af0be00000,0x000000af0bf00000] [id=125792]

VM state:not at safepoint (normal execution)

VM Mutex/Monitor currently owned by a thread: None

heap address: 0x00000006c3200000, size: 4046 MB, Compressed Oops mode: Zero based, Oop shift amount: 3
Narrow klass base: 0x0000000000000000, Narrow klass shift: 3
Compressed class space size: 1073741824 Address: 0x00000007c0000000

Heap:
 PSYoungGen      total 278016K, used 158107K [0x000000076bb80000, 0x000000077ff00000, 0x00000007c0000000)
  eden space 259584K, 58% used [0x000000076bb80000,0x0000000775021368,0x000000077b900000)
  from space 18432K, 32% used [0x000000077b900000,0x000000077bec5ba8,0x000000077cb00000)
  to   space 18944K, 0% used [0x000000077ec80000,0x000000077ec80000,0x000000077ff00000)
 ParOldGen       total 201216K, used 25203K [0x00000006c3200000, 0x00000006cf680000, 0x000000076bb80000)
  object space 201216K, 12% used [0x00000006c3200000,0x00000006c4a9cda0,0x00000006cf680000)
 Metaspace       used 36088K, capacity 38104K, committed 38320K, reserved 1083392K
  class space    used 4051K, capacity 4437K, committed 4528K, reserved 1048576K

Card table byte_map: [0x000001c4c8890000,0x000001c4c9080000] byte_map_base: 0x000001c4c5277000

Marking Bits: (ParMarkBitMap*) 0x0000000073f77fe0
 Begin Bits: [0x000001c4c95d0000, 0x000001c4cd508000)
 End Bits:   [0x000001c4cd508000, 0x000001c4d1440000)

Polling page: 0x000001c4b94a0000

CodeCache: size=245760Kb used=26546Kb max_used=28081Kb free=219214Kb
 bounds [0x000001c4b94d0000, 0x000001c4bb060000, 0x000001c4c84d0000]
 total_blobs=7793 nmethods=7327 adapters=378
 compilation: enabled

Compilation events (10 events):
Event: 29.392 Thread 0x000001c4d3203800 nmethod 8678 0x000001c4ba3a3210 code [0x000001c4ba3a3420, 0x000001c4ba3a3db0]
Event: 29.392 Thread 0x000001c4d3203800 8679       3       org.apache.maven.wagon.providers.http.httpclient.impl.client.AuthenticationStrategyImpl::isAuthenticationRequested (35 bytes)
Event: 29.393 Thread 0x000001c4d3203800 nmethod 8679 0x000001c4bab0c290 code [0x000001c4bab0c4a0, 0x000001c4bab0cef0]
Event: 29.393 Thread 0x000001c4d3203800 8680       3       org.apache.maven.wagon.providers.http.httpclient.impl.execchain.HttpResponseProxy::getEntity (10 bytes)
Event: 29.393 Thread 0x000001c4d3203800 nmethod 8680 0x000001c4ba488310 code [0x000001c4ba488480, 0x000001c4ba4886b0]
Event: 29.399 Thread 0x000001c4d31f8000 8681       4       org.apache.maven.wagon.providers.http.httpclient.client.utils.URLEncodedUtils::urlDecode (183 bytes)
Event: 29.399 Thread 0x000001c4d3203800 8683       3       org.apache.maven.wagon.providers.http.httpclient.impl.conn.CPoolProxy::setSocketTimeout (11 bytes)
Event: 29.399 Thread 0x000001c4d3203800 nmethod 8683 0x000001c4b9d797d0 code [0x000001c4b9d79980, 0x000001c4b9d79f60]
Event: 29.399 Thread 0x000001c4d3203800 8682       3       java.util.LinkedList::unlink (91 bytes)
Event: 29.399 Thread 0x000001c4d3203800 nmethod 8682 0x000001c4bab4b110 code [0x000001c4bab4b280, 0x000001c4bab4b578]

GC Heap History (10 events):
Event: 12.995 GC heap before
{Heap before GC invocations=9 (full 1):
 PSYoungGen      total 193536K, used 47544K [0x000000076bb80000, 0x000000077ba00000, 0x00000007c0000000)
  eden space 175616K, 21% used [0x000000076bb80000,0x000000076e0ad578,0x0000000776700000)
  from space 17920K, 52% used [0x0000000776700000,0x0000000777040d98,0x0000000777880000)
  to   space 18432K, 0% used [0x000000077a800000,0x000000077a800000,0x000000077ba00000)
 ParOldGen       total 127488K, used 18826K [0x00000006c3200000, 0x00000006cae80000, 0x000000076bb80000)
  object space 127488K, 14% used [0x00000006c3200000,0x00000006c4462908,0x00000006cae80000)
 Metaspace       used 34226K, capacity 35420K, committed 35496K, reserved 1081344K
  class space    used 3931K, capacity 4252K, committed 4272K, reserved 1048576K
Event: 13.003 GC heap after
Heap after GC invocations=9 (full 1):
 PSYoungGen      total 242176K, used 9287K [0x000000076bb80000, 0x000000077bb80000, 0x00000007c0000000)
  eden space 223744K, 0% used [0x000000076bb80000,0x000000076bb80000,0x0000000779600000)
  from space 18432K, 50% used [0x000000077a800000,0x000000077b111e58,0x000000077ba00000)
  to   space 18432K, 0% used [0x0000000779600000,0x0000000779600000,0x000000077a800000)
 ParOldGen       total 127488K, used 18834K [0x00000006c3200000, 0x00000006cae80000, 0x000000076bb80000)
  object space 127488K, 14% used [0x00000006c3200000,0x00000006c4464908,0x00000006cae80000)
 Metaspace       used 34226K, capacity 35420K, committed 35496K, reserved 1081344K
  class space    used 3931K, capacity 4252K, committed 4272K, reserved 1048576K
}
Event: 13.003 GC heap before
{Heap before GC invocations=10 (full 2):
 PSYoungGen      total 242176K, used 9287K [0x000000076bb80000, 0x000000077bb80000, 0x00000007c0000000)
  eden space 223744K, 0% used [0x000000076bb80000,0x000000076bb80000,0x0000000779600000)
  from space 18432K, 50% used [0x000000077a800000,0x000000077b111e58,0x000000077ba00000)
  to   space 18432K, 0% used [0x0000000779600000,0x0000000779600000,0x000000077a800000)
 ParOldGen       total 127488K, used 18834K [0x00000006c3200000, 0x00000006cae80000, 0x000000076bb80000)
  object space 127488K, 14% used [0x00000006c3200000,0x00000006c4464908,0x00000006cae80000)
 Metaspace       used 34226K, capacity 35420K, committed 35496K, reserved 1081344K
  class space    used 3931K, capacity 4252K, committed 4272K, reserved 1048576K
Event: 13.078 GC heap after
Heap after GC invocations=10 (full 2):
 PSYoungGen      total 242176K, used 0K [0x000000076bb80000, 0x000000077bb80000, 0x00000007c0000000)
  eden space 223744K, 0% used [0x000000076bb80000,0x000000076bb80000,0x0000000779600000)
  from space 18432K, 0% used [0x000000077a800000,0x000000077a800000,0x000000077ba00000)
  to   space 18432K, 0% used [0x0000000779600000,0x0000000779600000,0x000000077a800000)
 ParOldGen       total 201216K, used 25179K [0x00000006c3200000, 0x00000006cf680000, 0x000000076bb80000)
  object space 201216K, 12% used [0x00000006c3200000,0x00000006c4a96da0,0x00000006cf680000)
 Metaspace       used 33995K, capacity 34880K, committed 35496K, reserved 1081344K
  class space    used 3901K, capacity 4212K, committed 4272K, reserved 1048576K
}
Event: 17.210 GC heap before
{Heap before GC invocations=11 (full 2):
 PSYoungGen      total 242176K, used 223744K [0x000000076bb80000, 0x000000077bb80000, 0x00000007c0000000)
  eden space 223744K, 100% used [0x000000076bb80000,0x0000000779600000,0x0000000779600000)
  from space 18432K, 0% used [0x000000077a800000,0x000000077a800000,0x000000077ba00000)
  to   space 18432K, 0% used [0x0000000779600000,0x0000000779600000,0x000000077a800000)
 ParOldGen       total 201216K, used 25179K [0x00000006c3200000, 0x00000006cf680000, 0x000000076bb80000)
  object space 201216K, 12% used [0x00000006c3200000,0x00000006c4a96da0,0x00000006cf680000)
 Metaspace       used 34596K, capacity 35792K, committed 36136K, reserved 1081344K
  class space    used 3941K, capacity 4261K, committed 4400K, reserved 1048576K
Event: 17.214 GC heap after
Heap after GC invocations=11 (full 2):
 PSYoungGen      total 242176K, used 7162K [0x000000076bb80000, 0x000000077e380000, 0x00000007c0000000)
  eden space 223744K, 0% used [0x000000076bb80000,0x000000076bb80000,0x0000000779600000)
  from space 18432K, 38% used [0x0000000779600000,0x0000000779cfebe8,0x000000077a800000)
  to   space 18944K, 0% used [0x000000077d100000,0x000000077d100000,0x000000077e380000)
 ParOldGen       total 201216K, used 25187K [0x00000006c3200000, 0x00000006cf680000, 0x000000076bb80000)
  object space 201216K, 12% used [0x00000006c3200000,0x00000006c4a98da0,0x00000006cf680000)
 Metaspace       used 34596K, capacity 35792K, committed 36136K, reserved 1081344K
  class space    used 3941K, capacity 4261K, committed 4400K, reserved 1048576K
}
Event: 20.362 GC heap before
{Heap before GC invocations=12 (full 2):
 PSYoungGen      total 242176K, used 230906K [0x000000076bb80000, 0x000000077e380000, 0x00000007c0000000)
  eden space 223744K, 100% used [0x000000076bb80000,0x0000000779600000,0x0000000779600000)
  from space 18432K, 38% used [0x0000000779600000,0x0000000779cfebe8,0x000000077a800000)
  to   space 18944K, 0% used [0x000000077d100000,0x000000077d100000,0x000000077e380000)
 ParOldGen       total 201216K, used 25187K [0x00000006c3200000, 0x00000006cf680000, 0x000000076bb80000)
  object space 201216K, 12% used [0x00000006c3200000,0x00000006c4a98da0,0x00000006cf680000)
 Metaspace       used 35002K, capacity 36314K, committed 36648K, reserved 1081344K
  class space    used 3957K, capacity 4284K, committed 4400K, reserved 1048576K
Event: 20.366 GC heap after
Heap after GC invocations=12 (full 2):
 PSYoungGen      total 271360K, used 11845K [0x000000076bb80000, 0x000000077dd00000, 0x00000007c0000000)
  eden space 259072K, 0% used [0x000000076bb80000,0x000000076bb80000,0x000000077b880000)
  from space 12288K, 96% used [0x000000077d100000,0x000000077dc91720,0x000000077dd00000)
  to   space 18432K, 0% used [0x000000077b900000,0x000000077b900000,0x000000077cb00000)
 ParOldGen       total 201216K, used 25195K [0x00000006c3200000, 0x00000006cf680000, 0x000000076bb80000)
  object space 201216K, 12% used [0x00000006c3200000,0x00000006c4a9ada0,0x00000006cf680000)
 Metaspace       used 35002K, capacity 36314K, committed 36648K, reserved 1081344K
  class space    used 3957K, capacity 4284K, committed 4400K, reserved 1048576K
}
Event: 26.389 GC heap before
{Heap before GC invocations=13 (full 2):
 PSYoungGen      total 271360K, used 270917K [0x000000076bb80000, 0x000000077dd00000, 0x00000007c0000000)
  eden space 259072K, 100% used [0x000000076bb80000,0x000000077b880000,0x000000077b880000)
  from space 12288K, 96% used [0x000000077d100000,0x000000077dc91720,0x000000077dd00000)
  to   space 18432K, 0% used [0x000000077b900000,0x000000077b900000,0x000000077cb00000)
 ParOldGen       total 201216K, used 25195K [0x00000006c3200000, 0x00000006cf680000, 0x000000076bb80000)
  object space 201216K, 12% used [0x00000006c3200000,0x00000006c4a9ada0,0x00000006cf680000)
 Metaspace       used 35454K, capacity 37046K, committed 37160K, reserved 1081344K
  class space    used 3979K, capacity 4314K, committed 4400K, reserved 1048576K
Event: 26.394 GC heap after
Heap after GC invocations=13 (full 2):
 PSYoungGen      total 278016K, used 5910K [0x000000076bb80000, 0x000000077ff00000, 0x00000007c0000000)
  eden space 259584K, 0% used [0x000000076bb80000,0x000000076bb80000,0x000000077b900000)
  from space 18432K, 32% used [0x000000077b900000,0x000000077bec5ba8,0x000000077cb00000)
  to   space 18944K, 0% used [0x000000077ec80000,0x000000077ec80000,0x000000077ff00000)
 ParOldGen       total 201216K, used 25203K [0x00000006c3200000, 0x00000006cf680000, 0x000000076bb80000)
  object space 201216K, 12% used [0x00000006c3200000,0x00000006c4a9cda0,0x00000006cf680000)
 Metaspace       used 35454K, capacity 37046K, committed 37160K, reserved 1081344K
  class space    used 3979K, capacity 4314K, committed 4400K, reserved 1048576K
}

Deoptimization events (10 events):
Event: 17.352 Thread 0x000001c4b7ae5800 Uncommon trap: reason=class_check action=maybe_recompile pc=0x000001c4bab8a630 method=aQute.bnd.osgi.Clazz.doAttribute(Ljava/io/DataInput;Ljava/lang/annotation/ElementType;ZI)V @ 769
Event: 17.397 Thread 0x000001c4b7ae5800 Uncommon trap: reason=class_check action=maybe_recompile pc=0x000001c4baa46d40 method=java.util.ComparableTimSort.mergeHi(IIII)V @ 214
Event: 17.398 Thread 0x000001c4b7ae5800 Uncommon trap: reason=class_check action=maybe_recompile pc=0x000001c4baae5e94 method=java.util.ComparableTimSort.mergeLo(IIII)V @ 176
Event: 17.398 Thread 0x000001c4b7ae5800 Uncommon trap: reason=class_check action=maybe_recompile pc=0x000001c4baae5e94 method=java.util.ComparableTimSort.mergeLo(IIII)V @ 176
Event: 17.398 Thread 0x000001c4b7ae5800 Uncommon trap: reason=class_check action=maybe_recompile pc=0x000001c4baa46d40 method=java.util.ComparableTimSort.mergeHi(IIII)V @ 214
Event: 19.172 Thread 0x000001c4b7ae5800 Uncommon trap: reason=unstable_if action=reinterpret pc=0x000001c4baabb058 method=org.codehaus.plexus.util.SelectorUtils.match([C[CZ)Z @ 111
Event: 21.704 Thread 0x000001c4b7ae5800 Uncommon trap: reason=predicate action=maybe_recompile pc=0x000001c4bacdb580 method=org.codehaus.plexus.util.SelectorUtils.matchAntPathPattern([[C[[CZ)Z @ 121
Event: 21.806 Thread 0x000001c4b7ae5800 Uncommon trap: reason=predicate action=maybe_recompile pc=0x000001c4bad77a04 method=aQute.bnd.osgi.Processor.getLiteralProperty(Ljava/lang/String;Ljava/lang/String;LaQute/bnd/osgi/Processor;Z)Ljava/lang/String; @ 105
Event: 23.492 Thread 0x000001c4b7ae5800 Uncommon trap: reason=class_check action=maybe_recompile pc=0x000001c4baa46d40 method=java.util.ComparableTimSort.mergeHi(IIII)V @ 214
Event: 27.539 Thread 0x000001c4b7ae5800 Uncommon trap: reason=null_check action=make_not_entrant pc=0x000001c4bafb9768 method=org.codehaus.plexus.util.xml.Xpp3Dom.mergeIntoXpp3Dom(Lorg/codehaus/plexus/util/xml/Xpp3Dom;Lorg/codehaus/plexus/util/xml/Xpp3Dom;Ljava/lang/Boolean;)V @ 19

Classes redefined (0 events):
No events

Internal exceptions (10 events):
Event: 28.761 Thread 0x000001c4b7ae5800 Implicit null exception at 0x000001c4badf4b41 to 0x000001c4badf8050
Event: 28.761 Thread 0x000001c4b7ae5800 Exception <a 'java/lang/NullPointerException'> (0x0000000774d05bd0) thrown at [C:\jenkins\workspace\8-2-build-windows-amd64-cygwin\jdk8u271\605\hotspot\src\share\vm\runtime\sharedRuntime.cpp, line 609]
Event: 28.761 Thread 0x000001c4b7ae5800 Implicit null exception at 0x000001c4badf4b41 to 0x000001c4badf8050
Event: 28.761 Thread 0x000001c4b7ae5800 Exception <a 'java/lang/NullPointerException'> (0x0000000774d05fd0) thrown at [C:\jenkins\workspace\8-2-build-windows-amd64-cygwin\jdk8u271\605\hotspot\src\share\vm\runtime\sharedRuntime.cpp, line 609]
Event: 28.761 Thread 0x000001c4b7ae5800 Implicit null exception at 0x000001c4badf4b41 to 0x000001c4badf8050
Event: 28.761 Thread 0x000001c4b7ae5800 Exception <a 'java/lang/NullPointerException'> (0x0000000774d06c68) thrown at [C:\jenkins\workspace\8-2-build-windows-amd64-cygwin\jdk8u271\605\hotspot\src\share\vm\runtime\sharedRuntime.cpp, line 609]
Event: 28.761 Thread 0x000001c4b7ae5800 Implicit null exception at 0x000001c4badf4b41 to 0x000001c4badf8050
Event: 28.761 Thread 0x000001c4b7ae5800 Exception <a 'java/lang/NullPointerException'> (0x0000000774d07068) thrown at [C:\jenkins\workspace\8-2-build-windows-amd64-cygwin\jdk8u271\605\hotspot\src\share\vm\runtime\sharedRuntime.cpp, line 609]
Event: 28.761 Thread 0x000001c4b7ae5800 Implicit null exception at 0x000001c4badf4b41 to 0x000001c4badf8050
Event: 28.761 Thread 0x000001c4b7ae5800 Exception <a 'java/lang/NullPointerException'> (0x0000000774d07468) thrown at [C:\jenkins\workspace\8-2-build-windows-amd64-cygwin\jdk8u271\605\hotspot\src\share\vm\runtime\sharedRuntime.cpp, line 609]

Events (10 events):
Event: 28.811 Thread 0x000001c4d3203800 flushing nmethod 0x000001c4baaf9e50
Event: 28.811 Thread 0x000001c4d3203800 flushing nmethod 0x000001c4bab0c110
Event: 28.811 Thread 0x000001c4d3203800 flushing nmethod 0x000001c4bab0e5d0
Event: 28.811 Thread 0x000001c4d3203800 flushing nmethod 0x000001c4bab0f1d0
Event: 28.811 Thread 0x000001c4d3203800 flushing nmethod 0x000001c4bab10010
Event: 28.811 Thread 0x000001c4d3203800 flushing nmethod 0x000001c4bab2af90
Event: 28.811 Thread 0x000001c4d3203800 flushing nmethod 0x000001c4bab4b110
Event: 28.811 Thread 0x000001c4d3203800 flushing nmethod 0x000001c4bab58810
Event: 28.811 Thread 0x000001c4d3203800 flushing nmethod 0x000001c4bab87f90
Event: 28.811 Thread 0x000001c4d3203800 flushing nmethod 0x000001c4babac390


Dynamic libraries:
0x00007ff720ec0000 - 0x00007ff720f07000 	C:\Program Files\Java\jdk1.8.0_271\bin\java.exe
0x00007ff8dc1c0000 - 0x00007ff8dc3c7000 	C:\WINDOWS\SYSTEM32\ntdll.dll
0x00007ff8da790000 - 0x00007ff8da84d000 	C:\WINDOWS\System32\KERNEL32.DLL
0x00007ff8d98e0000 - 0x00007ff8d9c54000 	C:\WINDOWS\System32\KERNELBASE.dll
0x00007ff8dc0d0000 - 0x00007ff8dc17e000 	C:\WINDOWS\System32\ADVAPI32.dll
0x00007ff8da850000 - 0x00007ff8da8f3000 	C:\WINDOWS\System32\msvcrt.dll
0x00007ff8da900000 - 0x00007ff8da99e000 	C:\WINDOWS\System32\sechost.dll
0x00007ff8dbe50000 - 0x00007ff8dbf70000 	C:\WINDOWS\System32\RPCRT4.dll
0x00007ff8da9a0000 - 0x00007ff8dab4c000 	C:\WINDOWS\System32\USER32.dll
0x00007ff8d9dd0000 - 0x00007ff8d9df6000 	C:\WINDOWS\System32\win32u.dll
0x00007ff8daef0000 - 0x00007ff8daf19000 	C:\WINDOWS\System32\GDI32.dll
0x00007ff8d97c0000 - 0x00007ff8d98d2000 	C:\WINDOWS\System32\gdi32full.dll
0x00007ff8d9720000 - 0x00007ff8d97bd000 	C:\WINDOWS\System32\msvcp_win.dll
0x00007ff8d9e00000 - 0x00007ff8d9f11000 	C:\WINDOWS\System32\ucrtbase.dll
0x00007ff8c0550000 - 0x00007ff8c07f5000 	C:\WINDOWS\WinSxS\amd64_microsoft.windows.common-controls_6595b64144ccf1df_6.0.22000.120_none_9d947278b86cc467\COMCTL32.dll
0x00007ff8dbe10000 - 0x00007ff8dbe41000 	C:\WINDOWS\System32\IMM32.DLL
0x00007ff8c7700000 - 0x00007ff8c7715000 	C:\Program Files\Java\jdk1.8.0_271\jre\bin\vcruntime140.dll
0x00007ff8bc020000 - 0x00007ff8bc0bb000 	C:\Program Files\Java\jdk1.8.0_271\jre\bin\msvcp140.dll
0x0000000073780000 - 0x0000000073fef000 	C:\Program Files\Java\jdk1.8.0_271\jre\bin\server\jvm.dll
0x00007ff8dbbb0000 - 0x00007ff8dbbb8000 	C:\WINDOWS\System32\PSAPI.DLL
0x00007ff8b8780000 - 0x00007ff8b8789000 	C:\WINDOWS\SYSTEM32\WSOCK32.dll
0x00007ff8dbf70000 - 0x00007ff8dbfdf000 	C:\WINDOWS\System32\WS2_32.dll
0x00007ff8d4840000 - 0x00007ff8d4873000 	C:\WINDOWS\SYSTEM32\WINMM.dll
0x00007ff8d1670000 - 0x00007ff8d167a000 	C:\WINDOWS\SYSTEM32\VERSION.dll
0x00007ff8d88a0000 - 0x00007ff8d88b8000 	C:\WINDOWS\SYSTEM32\kernel.appcore.dll
0x00007ff8c80f0000 - 0x00007ff8c8100000 	C:\Program Files\Java\jdk1.8.0_271\jre\bin\verify.dll
0x00007ff8c1320000 - 0x00007ff8c134b000 	C:\Program Files\Java\jdk1.8.0_271\jre\bin\java.dll
0x00007ff8c0420000 - 0x00007ff8c0438000 	C:\Program Files\Java\jdk1.8.0_271\jre\bin\zip.dll
0x00007ff8db300000 - 0x00007ff8dbaae000 	C:\WINDOWS\System32\SHELL32.dll
0x00007ff8d7830000 - 0x00007ff8d8097000 	C:\WINDOWS\SYSTEM32\windows.storage.dll
0x00007ff8daf80000 - 0x00007ff8db2f8000 	C:\WINDOWS\System32\combase.dll
0x00007ff8d7560000 - 0x00007ff8d76c6000 	C:\WINDOWS\SYSTEM32\wintypes.dll
0x00007ff8dbac0000 - 0x00007ff8dbbaa000 	C:\WINDOWS\System32\SHCORE.dll
0x00007ff8daf20000 - 0x00007ff8daf7d000 	C:\WINDOWS\System32\shlwapi.dll
0x00007ff8d95e0000 - 0x00007ff8d9601000 	C:\WINDOWS\SYSTEM32\profapi.dll
0x00007ff8c7f50000 - 0x00007ff8c7f5a000 	C:\apache-maven-3.6.3\lib\jansi-native\windows64\jansi.dll
0x00007ff8bed90000 - 0x00007ff8bedac000 	C:\Program Files\Java\jdk1.8.0_271\jre\bin\net.dll
0x00007ff8d8cd0000 - 0x00007ff8d8d37000 	C:\WINDOWS\system32\mswsock.dll
0x00007ff8bdd10000 - 0x00007ff8bdd23000 	C:\Program Files\Java\jdk1.8.0_271\jre\bin\nio.dll
0x00007ff8bcd20000 - 0x00007ff8bcd44000 	C:\Program Files\Java\jdk1.8.0_271\jre\bin\sunec.dll
0x00007ff8d8410000 - 0x00007ff8d843d000 	C:\WINDOWS\SYSTEM32\IPHLPAPI.DLL
0x00007ff8dbab0000 - 0x00007ff8dbab9000 	C:\WINDOWS\System32\NSI.dll
0x00007ff8d3820000 - 0x00007ff8d3839000 	C:\WINDOWS\SYSTEM32\dhcpcsvc6.DLL
0x00007ff8d3be0000 - 0x00007ff8d3bfe000 	C:\WINDOWS\SYSTEM32\dhcpcsvc.DLL
0x00007ff8d8440000 - 0x00007ff8d8527000 	C:\WINDOWS\SYSTEM32\DNSAPI.dll
0x00007ff8d8f10000 - 0x00007ff8d8f28000 	C:\WINDOWS\SYSTEM32\CRYPTSP.dll
0x00007ff8d8800000 - 0x00007ff8d8835000 	C:\WINDOWS\system32\rsaenh.dll
0x00007ff8d8dc0000 - 0x00007ff8d8de9000 	C:\WINDOWS\SYSTEM32\USERENV.dll
0x00007ff8d9090000 - 0x00007ff8d90b7000 	C:\WINDOWS\SYSTEM32\bcrypt.dll
0x00007ff8d9fe0000 - 0x00007ff8da05f000 	C:\WINDOWS\System32\bcryptprimitives.dll
0x00007ff8d8f30000 - 0x00007ff8d8f3c000 	C:\WINDOWS\SYSTEM32\CRYPTBASE.dll
0x00007ff8c68a0000 - 0x00007ff8c68ad000 	C:\Program Files\Java\jdk1.8.0_271\jre\bin\management.dll
0x00007ff8b0150000 - 0x00007ff8b019b000 	C:\Program Files (x86)\Sangfor\SSL\ClientComponent3\SangforNspX64.dll
0x00007ff8dad50000 - 0x00007ff8daeea000 	C:\WINDOWS\System32\ole32.dll
0x00007ff8dab50000 - 0x00007ff8dac26000 	C:\WINDOWS\System32\OLEAUT32.dll
0x00007ff8afd60000 - 0x00007ff8afd77000 	C:\WINDOWS\system32\napinsp.dll
0x00007ff8b0da0000 - 0x00007ff8b0dbb000 	C:\WINDOWS\system32\pnrpnsp.dll
0x00007ff8afd40000 - 0x00007ff8afd52000 	C:\WINDOWS\System32\winrnr.dll
0x00007ff8d27d0000 - 0x00007ff8d27e5000 	C:\WINDOWS\system32\wshbth.dll
0x00007ff8afd20000 - 0x00007ff8afd3f000 	C:\WINDOWS\system32\nlansp_c.dll
0x00007ff8d2510000 - 0x00007ff8d251a000 	C:\Windows\System32\rasadhlp.dll
0x00007ff8d1d70000 - 0x00007ff8d1df1000 	C:\WINDOWS\System32\fwpuclnt.dll

VM Arguments:
jvm_args: -Dclassworlds.conf=C:\apache-maven-3.6.3\bin\..\bin\m2.conf -Dmaven.home=C:\apache-maven-3.6.3\bin\.. -Dlibrary.jansi.path=C:\apache-maven-3.6.3\bin\..\lib\jansi-native -Dmaven.multiModuleProjectDirectory=D:\java\flowable-engine 
java_command: org.codehaus.plexus.classworlds.launcher.Launcher deploy -DskipTests
java_class_path (initial): C:\apache-maven-3.6.3\bin\..\boot\plexus-classworlds-2.6.0.jar
Launcher Type: SUN_STANDARD

Environment Variables:
JAVA_HOME=C:\Program Files\Java\jdk1.8.0_271
JRE_HOME=C:\Program Files\Java\jdk1.8.0_271\jre
PATH=C:\Python310\Scripts\;C:\Python310\;D:\Python27\;D:\Python27\Scripts;D:\Program Files (x86)\VMware\VMware Workstation\bin\;C:\Program Files (x86)\Common Files\Oracle\Java\javapath;C:\Windows\system32;C:\Windows;C:\Windows\System32\Wbem;C:\Windows\System32\WindowsPowerShell\v1.0\;C:\Windows\System32\OpenSSH\;C:\Program Files (x86)\NVIDIA Corporation\PhysX\Common;C:\Program Files\NVIDIA Corporation\NVIDIA NvDLISR;d:\Program Files\Git\cmd;C:\Program Files (x86)\Yarn\bin\;C:\Program Files (x86)\Microsoft SQL Server\100\Tools\Binn\;C:\Program Files\Microsoft SQL Server\100\Tools\Binn\;C:\Program Files\Microsoft SQL Server\100\DTS\Binn\;C:\Program Files\CMake\bin;C:\TDM-GCC-64\bin;D:\Program Files (x86)\NetSarang\Xshell 7\;D:\Program Files (x86)\NetSarang\Xftp 7\;C:\ProgramData\chocolatey\bin;D:\Programs\php-8.0.3-nts-Win32-vs16-x64;D:\Program Files\Go\bin;C:\WINDOWS\system32;C:\WINDOWS;C:\WINDOWS\System32\Wbem;C:\WINDOWS\System32\WindowsPowerShell\v1.0\;C:\WINDOWS\System32\OpenSSH\;D:\Program Files\OpenVPN\bin;C:\Program Files\nodejs\;C:\Users\hulup\AppData\Local\Programs\Python\Python39\Scripts\;C:\Users\hulup\AppData\Local\Programs\Python\Python39\;C:\Program Files\MySQL\MySQL Shell 8.0\bin\;C:\Users\hulup\AppData\Local\Microsoft\WindowsApps;d:\Programs\Microsoft VS Code\bin;C:\Users\hulup\AppData\Local\Yarn\bin;C:\Program Files\Java\jdk1.8.0_271\bin\java.exe;C:\apache-maven-3.6.3\bin\;C:\TDM-GCC-64\bin;C:\Program Files\Java\jdk1.8.0_271\bin\;C:\Program Files\Java\jdk1.8.0_271\;D:\Programs\php-8.0.3-nts-Win32-vs16-x64;C:\Users\hulup\AppData\Local\ComposerSetup\bin;C:\Users\hulup\AppData\Roaming\Composer\vendor\bin;D:\Program Files (x86)\zhwk\bin\mslib;D:\Program Files (x86)\zhwk\bin\mslibx64;C:\Users\hulup\go\bin;C:\Users\hulup\AppData\Local\gitkraken\bin;C:\Users\hulup\AppData\Local\Microsoft\WindowsApps;C:\Users\hulup\AppData\Roaming\npm
USERNAME=hulup
OS=Windows_NT
PROCESSOR_IDENTIFIER=Intel64 Family 6 Model 140 Stepping 1, GenuineIntel



---------------  S Y S T E M  ---------------

OS: Windows 10.0 , 64 bit Build 22000 (10.0.22000.434)

CPU:total 8 (initial active 8) (4 cores per cpu, 2 threads per core) family 6 model 140 stepping 1, cmov, cx8, fxsr, mmx, sse, sse2, sse3, ssse3, sse4.1, sse4.2, popcnt, avx, avx2, aes, clmul, erms, 3dnowpref, lzcnt, ht, tsc, tscinvbit, bmi1, bmi2, adx

Memory: 4k page, physical 16571704k(734084k free), swap 28189236k(44k free)

vm_info: Java HotSpot(TM) 64-Bit Server VM (25.271-b09) for windows-amd64 JRE (1.8.0_271-b09), built on Sep 16 2020 19:14:59 by "" with MS VC++ 15.9 (VS2017)

time: Mon Feb 21 12:09:48 2022
timezone: 中国标准时间
elapsed time: 29.428097 seconds (0d 0h 0m 29s)

