#
# There is insufficient memory for the Java Runtime Environment to continue.
# Native memory allocation (malloc) failed to allocate 1209456 bytes for Chunk::new
# Possible reasons:
#   The system is out of physical RAM or swap space
#   The process is running with CompressedOops enabled, and the Java Heap may be blocking the growth of the native heap
# Possible solutions:
#   Reduce memory load on the system
#   Increase physical memory or swap space
#   Check if swap backing store is full
#   Decrease Java heap size (-Xmx/-Xms)
#   Decrease number of Java threads
#   Decrease Java thread stack sizes (-Xss)
#   Set larger code cache with -XX:ReservedCodeCacheSize=
#   JVM is running with Zero Based Compressed Oops mode in which the Java heap is
#     placed in the first 32GB address space. The Java Heap base address is the
#     maximum limit for the native heap growth. Please use -XX:HeapBaseMinAddress
#     to set the Java Heap base and to place the Java Heap above 32GB virtual address.
# This output file may be truncated or incomplete.
#
#  Out of Memory Error (allocation.cpp:389), pid=75568, tid=0x000000000001afd8
#
# JRE version: Java(TM) SE Runtime Environment (8.0_271-b09) (build 1.8.0_271-b09)
# Java VM: Java HotSpot(TM) 64-Bit Server VM (25.271-b09 mixed mode windows-amd64 compressed oops)
# Failed to write core dump. Minidumps are not enabled by default on client versions of Windows
#

---------------  T H R E A D  ---------------

Current thread (0x0000022277ce6000):  JavaThread "C2 CompilerThread0" daemon [_thread_in_native, id=110552, stack(0x000000abc5800000,0x000000abc5900000)]

Stack: [0x000000abc5800000,0x000000abc5900000]
Native frames: (J=compiled Java code, j=interpreted, Vv=VM code, C=native code)
V  [jvm.dll+0x33f6c9]
V  [jvm.dll+0x286122]
V  [jvm.dll+0x286dcd]
V  [jvm.dll+0x27d805]
V  [jvm.dll+0xe574c]
V  [jvm.dll+0xe5f4c]
V  [jvm.dll+0x480043]
V  [jvm.dll+0x447de8]
V  [jvm.dll+0x450c25]
V  [jvm.dll+0x44ffe5]
V  [jvm.dll+0x43aef7]
V  [jvm.dll+0xbc3eb]
V  [jvm.dll+0xbaa4b]
V  [jvm.dll+0x24e7c2]
V  [jvm.dll+0x2a2dcc]
C  [ucrtbase.dll+0x26c0c]
C  [KERNEL32.DLL+0x154e0]
C  [ntdll.dll+0x485b]


Current CompileTask:
C2:  83792 12926       4       com.sun.tools.javac.comp.Attr::check (219 bytes)


---------------  P R O C E S S  ---------------

Java Threads: ( => current thread )
  0x0000022279032000 JavaThread "Service Thread" daemon [_thread_blocked, id=88068, stack(0x000000abc5c00000,0x000000abc5d00000)]
  0x0000022277cee000 JavaThread "C1 CompilerThread3" daemon [_thread_blocked, id=117160, stack(0x000000abc5b00000,0x000000abc5c00000)]
  0x0000022277cea800 JavaThread "C2 CompilerThread2" daemon [_thread_in_native, id=105300, stack(0x000000abc5a00000,0x000000abc5b00000)]
  0x0000022277ce8000 JavaThread "C2 CompilerThread1" daemon [_thread_in_native, id=156592, stack(0x000000abc5900000,0x000000abc5a00000)]
=>0x0000022277ce6000 JavaThread "C2 CompilerThread0" daemon [_thread_in_native, id=110552, stack(0x000000abc5800000,0x000000abc5900000)]
  0x0000022277c93000 JavaThread "Attach Listener" daemon [_thread_blocked, id=156168, stack(0x000000abc5700000,0x000000abc5800000)]
  0x0000022277c92800 JavaThread "Signal Dispatcher" daemon [_thread_blocked, id=111264, stack(0x000000abc5600000,0x000000abc5700000)]
  0x0000022277c5c800 JavaThread "Finalizer" daemon [_thread_blocked, id=110152, stack(0x000000abc5500000,0x000000abc5600000)]
  0x000002227706d800 JavaThread "Reference Handler" daemon [_thread_blocked, id=151164, stack(0x000000abc5400000,0x000000abc5500000)]
  0x000002225c5f5800 JavaThread "main" [_thread_in_Java, id=151528, stack(0x000000abc4a00000,0x000000abc4b00000)]

Other Threads:
  0x000002227706c000 VMThread [stack: 0x000000abc5300000,0x000000abc5400000] [id=126188]
  0x000002227904f800 WatcherThread [stack: 0x000000abc5d00000,0x000000abc5e00000] [id=151508]

VM state:not at safepoint (normal execution)

VM Mutex/Monitor currently owned by a thread: None

heap address: 0x00000006c3200000, size: 4046 MB, Compressed Oops mode: Zero based, Oop shift amount: 3
Narrow klass base: 0x0000000000000000, Narrow klass shift: 3
Compressed class space size: 1073741824 Address: 0x00000007c0000000

Heap:
 PSYoungGen      total 466432K, used 72856K [0x000000076bb80000, 0x000000078d400000, 0x00000007c0000000)
  eden space 414720K, 9% used [0x000000076bb80000,0x000000076e1c2210,0x0000000785080000)
  from space 51712K, 65% used [0x0000000788580000,0x000000078a663f50,0x000000078b800000)
  to   space 54272K, 0% used [0x0000000785080000,0x0000000785080000,0x0000000788580000)
 ParOldGen       total 198144K, used 96519K [0x00000006c3200000, 0x00000006cf380000, 0x000000076bb80000)
  object space 198144K, 48% used [0x00000006c3200000,0x00000006c9041e90,0x00000006cf380000)
 Metaspace       used 43872K, capacity 46014K, committed 46512K, reserved 1091584K
  class space    used 4779K, capacity 5212K, committed 5296K, reserved 1048576K

Card table byte_map: [0x000002226d380000,0x000002226db70000] byte_map_base: 0x0000022269d67000

Marking Bits: (ParMarkBitMap*) 0x0000000073f77fe0
 Begin Bits: [0x000002226e0c0000, 0x0000022271ff8000)
 End Bits:   [0x0000022271ff8000, 0x0000022275f30000)

Polling page: 0x000002225df90000

CodeCache: size=245760Kb used=41431Kb max_used=41593Kb free=204328Kb
 bounds [0x000002225dfc0000, 0x00000222608a0000, 0x000002226cfc0000]
 total_blobs=11133 nmethods=10637 adapters=406
 compilation: enabled

Compilation events (10 events):
Event: 83.752 Thread 0x0000022277cee000 13038       2       com.sun.tools.javac.comp.Resolve$14::doLookup (34 bytes)
Event: 83.753 Thread 0x0000022277cee000 nmethod 13038 0x0000022260104ad0 code [0x0000022260104c40, 0x0000022260104e10]
Event: 83.758 Thread 0x0000022277cee000 13040       2       com.sun.tools.javac.comp.Check::checkDivZero (107 bytes)
Event: 83.759 Thread 0x0000022277cee000 nmethod 13040 0x0000022260103f90 code [0x0000022260104180, 0x0000022260104680]
Event: 83.770 Thread 0x0000022277cee000 13041       2       com.sun.tools.javac.code.Type$UndetVar$1::apply (40 bytes)
Event: 83.770 Thread 0x0000022277cee000 nmethod 13041 0x0000022260103a90 code [0x0000022260103c00, 0x0000022260103e60]
Event: 83.771 Thread 0x0000022277cee000 13043       1       com.sun.tools.javac.code.Type$CapturedUndetVar::isCaptured (2 bytes)
Event: 83.771 Thread 0x0000022277cee000 nmethod 13043 0x000002225ff67990 code [0x000002225ff67ae0, 0x000002225ff67bf8]
Event: 83.772 Thread 0x0000022277cee000 13044       2       com.sun.tools.javac.comp.Infer$InferenceContext::filterVars (72 bytes)
Event: 83.773 Thread 0x0000022277cee000 nmethod 13044 0x0000022260103250 code [0x0000022260103400, 0x0000022260103820]

GC Heap History (10 events):
Event: 74.543 GC heap before
{Heap before GC invocations=19 (full 3):
 PSYoungGen      total 342016K, used 322182K [0x000000076bb80000, 0x0000000783780000, 0x00000007c0000000)
  eden space 320000K, 100% used [0x000000076bb80000,0x000000077f400000,0x000000077f400000)
  from space 22016K, 9% used [0x000000077f400000,0x000000077f621b10,0x0000000780980000)
  to   space 22016K, 0% used [0x0000000782200000,0x0000000782200000,0x0000000783780000)
 ParOldGen       total 198144K, used 28271K [0x00000006c3200000, 0x00000006cf380000, 0x000000076bb80000)
  object space 198144K, 14% used [0x00000006c3200000,0x00000006c4d9bed0,0x00000006cf380000)
 Metaspace       used 36734K, capacity 38646K, committed 39600K, reserved 1085440K
  class space    used 4057K, capacity 4442K, committed 4528K, reserved 1048576K
Event: 74.545 GC heap after
Heap after GC invocations=19 (full 3):
 PSYoungGen      total 356864K, used 11187K [0x000000076bb80000, 0x0000000783200000, 0x00000007c0000000)
  eden space 340480K, 0% used [0x000000076bb80000,0x000000076bb80000,0x0000000780800000)
  from space 16384K, 68% used [0x0000000782200000,0x0000000782cecf30,0x0000000783200000)
  to   space 21504K, 0% used [0x0000000780800000,0x0000000780800000,0x0000000781d00000)
 ParOldGen       total 198144K, used 28271K [0x00000006c3200000, 0x00000006cf380000, 0x000000076bb80000)
  object space 198144K, 14% used [0x00000006c3200000,0x00000006c4d9bed0,0x00000006cf380000)
 Metaspace       used 36734K, capacity 38646K, committed 39600K, reserved 1085440K
  class space    used 4057K, capacity 4442K, committed 4528K, reserved 1048576K
}
Event: 78.845 GC heap before
{Heap before GC invocations=20 (full 3):
 PSYoungGen      total 356864K, used 351667K [0x000000076bb80000, 0x0000000783200000, 0x00000007c0000000)
  eden space 340480K, 100% used [0x000000076bb80000,0x0000000780800000,0x0000000780800000)
  from space 16384K, 68% used [0x0000000782200000,0x0000000782cecf30,0x0000000783200000)
  to   space 21504K, 0% used [0x0000000780800000,0x0000000780800000,0x0000000781d00000)
 ParOldGen       total 198144K, used 28271K [0x00000006c3200000, 0x00000006cf380000, 0x000000076bb80000)
  object space 198144K, 14% used [0x00000006c3200000,0x00000006c4d9bed0,0x00000006cf380000)
 Metaspace       used 36915K, capacity 38938K, committed 39600K, reserved 1085440K
  class space    used 4070K, capacity 4460K, committed 4528K, reserved 1048576K
Event: 78.856 GC heap after
Heap after GC invocations=20 (full 3):
 PSYoungGen      total 361984K, used 19927K [0x000000076bb80000, 0x0000000784980000, 0x00000007c0000000)
  eden space 340480K, 0% used [0x000000076bb80000,0x000000076bb80000,0x0000000780800000)
  from space 21504K, 92% used [0x0000000780800000,0x0000000781b75c20,0x0000000781d00000)
  to   space 24064K, 0% used [0x0000000783200000,0x0000000783200000,0x0000000784980000)
 ParOldGen       total 198144K, used 28279K [0x00000006c3200000, 0x00000006cf380000, 0x000000076bb80000)
  object space 198144K, 14% used [0x00000006c3200000,0x00000006c4d9ded0,0x00000006cf380000)
 Metaspace       used 36915K, capacity 38938K, committed 39600K, reserved 1085440K
  class space    used 4070K, capacity 4460K, committed 4528K, reserved 1048576K
}
Event: 80.002 GC heap before
{Heap before GC invocations=21 (full 3):
 PSYoungGen      total 361984K, used 360407K [0x000000076bb80000, 0x0000000784980000, 0x00000007c0000000)
  eden space 340480K, 100% used [0x000000076bb80000,0x0000000780800000,0x0000000780800000)
  from space 21504K, 92% used [0x0000000780800000,0x0000000781b75c20,0x0000000781d00000)
  to   space 24064K, 0% used [0x0000000783200000,0x0000000783200000,0x0000000784980000)
 ParOldGen       total 198144K, used 28279K [0x00000006c3200000, 0x00000006cf380000, 0x000000076bb80000)
  object space 198144K, 14% used [0x00000006c3200000,0x00000006c4d9ded0,0x00000006cf380000)
 Metaspace       used 36971K, capacity 39046K, committed 39600K, reserved 1085440K
  class space    used 4076K, capacity 4468K, committed 4528K, reserved 1048576K
Event: 80.007 GC heap after
Heap after GC invocations=21 (full 3):
 PSYoungGen      total 384512K, used 8535K [0x000000076bb80000, 0x0000000784d00000, 0x00000007c0000000)
  eden space 360448K, 0% used [0x000000076bb80000,0x000000076bb80000,0x0000000781b80000)
  from space 24064K, 35% used [0x0000000783200000,0x0000000783a55c88,0x0000000784980000)
  to   space 23040K, 0% used [0x0000000781b80000,0x0000000781b80000,0x0000000783200000)
 ParOldGen       total 198144K, used 28279K [0x00000006c3200000, 0x00000006cf380000, 0x000000076bb80000)
  object space 198144K, 14% used [0x00000006c3200000,0x00000006c4d9ded0,0x00000006cf380000)
 Metaspace       used 36971K, capacity 39046K, committed 39600K, reserved 1085440K
  class space    used 4076K, capacity 4468K, committed 4528K, reserved 1048576K
}
Event: 82.115 GC heap before
{Heap before GC invocations=22 (full 3):
 PSYoungGen      total 384512K, used 368983K [0x000000076bb80000, 0x0000000784d00000, 0x00000007c0000000)
  eden space 360448K, 100% used [0x000000076bb80000,0x0000000781b80000,0x0000000781b80000)
  from space 24064K, 35% used [0x0000000783200000,0x0000000783a55c88,0x0000000784980000)
  to   space 23040K, 0% used [0x0000000781b80000,0x0000000781b80000,0x0000000783200000)
 ParOldGen       total 198144K, used 28279K [0x00000006c3200000, 0x00000006cf380000, 0x000000076bb80000)
  object space 198144K, 14% used [0x00000006c3200000,0x00000006c4d9ded0,0x00000006cf380000)
 Metaspace       used 41768K, capacity 43902K, committed 44336K, reserved 1089536K
  class space    used 4613K, capacity 5020K, committed 5168K, reserved 1048576K
Event: 82.153 GC heap after
Heap after GC invocations=22 (full 3):
 PSYoungGen      total 383488K, used 23021K [0x000000076bb80000, 0x000000078b800000, 0x00000007c0000000)
  eden space 360448K, 0% used [0x000000076bb80000,0x000000076bb80000,0x0000000781b80000)
  from space 23040K, 99% used [0x0000000781b80000,0x00000007831fb408,0x0000000783200000)
  to   space 51712K, 0% used [0x0000000788580000,0x0000000788580000,0x000000078b800000)
 ParOldGen       total 198144K, used 96511K [0x00000006c3200000, 0x00000006cf380000, 0x000000076bb80000)
  object space 198144K, 48% used [0x00000006c3200000,0x00000006c903fe90,0x00000006cf380000)
 Metaspace       used 41768K, capacity 43902K, committed 44336K, reserved 1089536K
  class space    used 4613K, capacity 5020K, committed 5168K, reserved 1048576K
}
Event: 83.621 GC heap before
{Heap before GC invocations=23 (full 3):
 PSYoungGen      total 383488K, used 383469K [0x000000076bb80000, 0x000000078b800000, 0x00000007c0000000)
  eden space 360448K, 100% used [0x000000076bb80000,0x0000000781b80000,0x0000000781b80000)
  from space 23040K, 99% used [0x0000000781b80000,0x00000007831fb408,0x0000000783200000)
  to   space 51712K, 0% used [0x0000000788580000,0x0000000788580000,0x000000078b800000)
 ParOldGen       total 198144K, used 96511K [0x00000006c3200000, 0x00000006cf380000, 0x000000076bb80000)
  object space 198144K, 48% used [0x00000006c3200000,0x00000006c903fe90,0x00000006cf380000)
 Metaspace       used 43841K, capacity 45950K, committed 46512K, reserved 1091584K
  class space    used 4778K, capacity 5212K, committed 5296K, reserved 1048576K
Event: 83.664 GC heap after
Heap after GC invocations=23 (full 3):
 PSYoungGen      total 466432K, used 33679K [0x000000076bb80000, 0x000000078d400000, 0x00000007c0000000)
  eden space 414720K, 0% used [0x000000076bb80000,0x000000076bb80000,0x0000000785080000)
  from space 51712K, 65% used [0x0000000788580000,0x000000078a663f50,0x000000078b800000)
  to   space 54272K, 0% used [0x0000000785080000,0x0000000785080000,0x0000000788580000)
 ParOldGen       total 198144K, used 96519K [0x00000006c3200000, 0x00000006cf380000, 0x000000076bb80000)
  object space 198144K, 48% used [0x00000006c3200000,0x00000006c9041e90,0x00000006cf380000)
 Metaspace       used 43841K, capacity 45950K, committed 46512K, reserved 1091584K
  class space    used 4778K, capacity 5212K, committed 5296K, reserved 1048576K
}

Deoptimization events (10 events):
Event: 83.477 Thread 0x000002225c5f5800 Uncommon trap: reason=unstable_if action=reinterpret pc=0x000002225ffe4828 method=com.sun.tools.javac.code.Types$MethodFilter.accepts(Lcom/sun/tools/javac/code/Symbol;)Z @ 6
Event: 83.768 Thread 0x000002225c5f5800 Uncommon trap: reason=unstable_if action=reinterpret pc=0x00000222607a9348 method=com.sun.tools.javac.code.Type$UndetVar$1.apply(Lcom/sun/tools/javac/code/Type;)Lcom/sun/tools/javac/code/Type; @ 7
Event: 83.769 Thread 0x000002225c5f5800 Uncommon trap: reason=class_check action=maybe_recompile pc=0x000002225e954960 method=com.sun.tools.javac.comp.Infer$InferenceContext.filterVars(Lcom/sun/tools/javac/util/Filter;)Lcom/sun/tools/javac/util/List; @ 31
Event: 83.769 Thread 0x000002225c5f5800 Uncommon trap: reason=class_check action=maybe_recompile pc=0x00000222607f6af8 method=com.sun.tools.javac.comp.Infer$IncorporationStep.accepts(Lcom/sun/tools/javac/code/Type$UndetVar;Lcom/sun/tools/javac/comp/Infer$InferenceContext;)Z @ 1
Event: 83.769 Thread 0x000002225c5f5800 Uncommon trap: reason=class_check action=maybe_recompile pc=0x00000222607f6af8 method=com.sun.tools.javac.comp.Infer$IncorporationStep.accepts(Lcom/sun/tools/javac/code/Type$UndetVar;Lcom/sun/tools/javac/comp/Infer$InferenceContext;)Z @ 1
Event: 83.769 Thread 0x000002225c5f5800 Uncommon trap: reason=class_check action=maybe_recompile pc=0x00000222607f6af8 method=com.sun.tools.javac.comp.Infer$IncorporationStep.accepts(Lcom/sun/tools/javac/code/Type$UndetVar;Lcom/sun/tools/javac/comp/Infer$InferenceContext;)Z @ 1
Event: 83.769 Thread 0x000002225c5f5800 Uncommon trap: reason=class_check action=maybe_recompile pc=0x00000222607f6af8 method=com.sun.tools.javac.comp.Infer$IncorporationStep.accepts(Lcom/sun/tools/javac/code/Type$UndetVar;Lcom/sun/tools/javac/comp/Infer$InferenceContext;)Z @ 1
Event: 83.769 Thread 0x000002225c5f5800 Uncommon trap: reason=class_check action=maybe_recompile pc=0x000002225e954960 method=com.sun.tools.javac.comp.Infer$InferenceContext.filterVars(Lcom/sun/tools/javac/util/Filter;)Lcom/sun/tools/javac/util/List; @ 31
Event: 83.769 Thread 0x000002225c5f5800 Uncommon trap: reason=class_check action=maybe_recompile pc=0x000002225e954960 method=com.sun.tools.javac.comp.Infer$InferenceContext.filterVars(Lcom/sun/tools/javac/util/Filter;)Lcom/sun/tools/javac/util/List; @ 31
Event: 83.769 Thread 0x000002225c5f5800 Uncommon trap: reason=class_check action=maybe_recompile pc=0x000002225e954960 method=com.sun.tools.javac.comp.Infer$InferenceContext.filterVars(Lcom/sun/tools/javac/util/Filter;)Lcom/sun/tools/javac/util/List; @ 31

Classes redefined (0 events):
No events

Internal exceptions (10 events):
Event: 80.479 Thread 0x000002225c5f5800 Exception <a 'java/security/PrivilegedActionException'> (0x00000007720eb300) thrown at [C:\jenkins\workspace\8-2-build-windows-amd64-cygwin\jdk8u271\605\hotspot\src\share\vm\prims\jvm.cpp, line 1512]
Event: 80.479 Thread 0x000002225c5f5800 Exception <a 'java/security/PrivilegedActionException'> (0x00000007720ec798) thrown at [C:\jenkins\workspace\8-2-build-windows-amd64-cygwin\jdk8u271\605\hotspot\src\share\vm\prims\jvm.cpp, line 1512]
Event: 80.479 Thread 0x000002225c5f5800 Exception <a 'java/security/PrivilegedActionException'> (0x00000007720ecb90) thrown at [C:\jenkins\workspace\8-2-build-windows-amd64-cygwin\jdk8u271\605\hotspot\src\share\vm\prims\jvm.cpp, line 1512]
Event: 81.144 Thread 0x000002225c5f5800 Exception <a 'java/io/FileNotFoundException'> (0x000000077bde8cf0) thrown at [C:\jenkins\workspace\8-2-build-windows-amd64-cygwin\jdk8u271\605\hotspot\src\share\vm\prims\jni.cpp, line 710]
Event: 81.148 Thread 0x000002225c5f5800 Exception <a 'java/io/FileNotFoundException'> (0x000000077be415c0) thrown at [C:\jenkins\workspace\8-2-build-windows-amd64-cygwin\jdk8u271\605\hotspot\src\share\vm\prims\jni.cpp, line 710]
Event: 81.209 Thread 0x000002225c5f5800 Exception <a 'java/io/FileNotFoundException'> (0x000000077cc7ec70) thrown at [C:\jenkins\workspace\8-2-build-windows-amd64-cygwin\jdk8u271\605\hotspot\src\share\vm\prims\jni.cpp, line 710]
Event: 82.404 Thread 0x000002225c5f5800 Implicit null exception at 0x000002225f3925cc to 0x000002225f3925eb
Event: 82.409 Thread 0x000002225c5f5800 Implicit null exception at 0x00000222605e5e07 to 0x00000222605e6c79
Event: 82.409 Thread 0x000002225c5f5800 Implicit null exception at 0x000002226063ca50 to 0x000002226063d62d
Event: 82.409 Thread 0x000002225c5f5800 Implicit null exception at 0x000002226063ca50 to 0x000002226063d62d

Events (10 events):
Event: 83.769 Thread 0x000002225c5f5800 DEOPT UNPACKING pc=0x000002225e005843 sp=0x000000abc4afb940 mode 2
Event: 83.769 Thread 0x000002225c5f5800 Uncommon trap: trap_request=0xffffffde fr.pc=0x000002225e954960
Event: 83.769 Thread 0x000002225c5f5800 DEOPT PACKING pc=0x000002225e954960 sp=0x000000abc4afb840
Event: 83.769 Thread 0x000002225c5f5800 DEOPT UNPACKING pc=0x000002225e005843 sp=0x000000abc4afb868 mode 2
Event: 83.769 Thread 0x000002225c5f5800 Uncommon trap: trap_request=0xffffffde fr.pc=0x000002225e954960
Event: 83.769 Thread 0x000002225c5f5800 DEOPT PACKING pc=0x000002225e954960 sp=0x000000abc4afb970
Event: 83.769 Thread 0x000002225c5f5800 DEOPT UNPACKING pc=0x000002225e005843 sp=0x000000abc4afb998 mode 2
Event: 83.769 Thread 0x000002225c5f5800 Uncommon trap: trap_request=0xffffffde fr.pc=0x000002225e954960
Event: 83.769 Thread 0x000002225c5f5800 DEOPT PACKING pc=0x000002225e954960 sp=0x000000abc4afb9e0
Event: 83.769 Thread 0x000002225c5f5800 DEOPT UNPACKING pc=0x000002225e005843 sp=0x000000abc4afba08 mode 2


Dynamic libraries:
0x00007ff720ec0000 - 0x00007ff720f07000 	C:\Program Files\Java\jdk1.8.0_271\bin\java.exe
0x00007ff8dc1c0000 - 0x00007ff8dc3c7000 	C:\WINDOWS\SYSTEM32\ntdll.dll
0x00007ff8da790000 - 0x00007ff8da84d000 	C:\WINDOWS\System32\KERNEL32.DLL
0x00007ff8d98e0000 - 0x00007ff8d9c54000 	C:\WINDOWS\System32\KERNELBASE.dll
0x00007ff8dc0d0000 - 0x00007ff8dc17e000 	C:\WINDOWS\System32\ADVAPI32.dll
0x00007ff8da850000 - 0x00007ff8da8f3000 	C:\WINDOWS\System32\msvcrt.dll
0x00007ff8da900000 - 0x00007ff8da99e000 	C:\WINDOWS\System32\sechost.dll
0x00007ff8dbe50000 - 0x00007ff8dbf70000 	C:\WINDOWS\System32\RPCRT4.dll
0x00007ff8da9a0000 - 0x00007ff8dab4c000 	C:\WINDOWS\System32\USER32.dll
0x00007ff8d9dd0000 - 0x00007ff8d9df6000 	C:\WINDOWS\System32\win32u.dll
0x00007ff8daef0000 - 0x00007ff8daf19000 	C:\WINDOWS\System32\GDI32.dll
0x00007ff8d97c0000 - 0x00007ff8d98d2000 	C:\WINDOWS\System32\gdi32full.dll
0x00007ff8d9720000 - 0x00007ff8d97bd000 	C:\WINDOWS\System32\msvcp_win.dll
0x00007ff8d9e00000 - 0x00007ff8d9f11000 	C:\WINDOWS\System32\ucrtbase.dll
0x00007ff8c0550000 - 0x00007ff8c07f5000 	C:\WINDOWS\WinSxS\amd64_microsoft.windows.common-controls_6595b64144ccf1df_6.0.22000.120_none_9d947278b86cc467\COMCTL32.dll
0x00007ff8dbe10000 - 0x00007ff8dbe41000 	C:\WINDOWS\System32\IMM32.DLL
0x00007ff8c1330000 - 0x00007ff8c1345000 	C:\Program Files\Java\jdk1.8.0_271\jre\bin\vcruntime140.dll
0x00007ff8bc020000 - 0x00007ff8bc0bb000 	C:\Program Files\Java\jdk1.8.0_271\jre\bin\msvcp140.dll
0x0000000073780000 - 0x0000000073fef000 	C:\Program Files\Java\jdk1.8.0_271\jre\bin\server\jvm.dll
0x00007ff8dbbb0000 - 0x00007ff8dbbb8000 	C:\WINDOWS\System32\PSAPI.DLL
0x00007ff8b8780000 - 0x00007ff8b8789000 	C:\WINDOWS\SYSTEM32\WSOCK32.dll
0x00007ff8d1670000 - 0x00007ff8d167a000 	C:\WINDOWS\SYSTEM32\VERSION.dll
0x00007ff8d4840000 - 0x00007ff8d4873000 	C:\WINDOWS\SYSTEM32\WINMM.dll
0x00007ff8dbf70000 - 0x00007ff8dbfdf000 	C:\WINDOWS\System32\WS2_32.dll
0x00007ff8d88a0000 - 0x00007ff8d88b8000 	C:\WINDOWS\SYSTEM32\kernel.appcore.dll
0x00007ff8c80f0000 - 0x00007ff8c8100000 	C:\Program Files\Java\jdk1.8.0_271\jre\bin\verify.dll
0x00007ff8c0410000 - 0x00007ff8c043b000 	C:\Program Files\Java\jdk1.8.0_271\jre\bin\java.dll
0x00007ff8bed90000 - 0x00007ff8beda8000 	C:\Program Files\Java\jdk1.8.0_271\jre\bin\zip.dll
0x00007ff8db300000 - 0x00007ff8dbaae000 	C:\WINDOWS\System32\SHELL32.dll
0x00007ff8d7830000 - 0x00007ff8d8097000 	C:\WINDOWS\SYSTEM32\windows.storage.dll
0x00007ff8daf80000 - 0x00007ff8db2f8000 	C:\WINDOWS\System32\combase.dll
0x00007ff8d7560000 - 0x00007ff8d76c6000 	C:\WINDOWS\SYSTEM32\wintypes.dll
0x00007ff8dbac0000 - 0x00007ff8dbbaa000 	C:\WINDOWS\System32\SHCORE.dll
0x00007ff8daf20000 - 0x00007ff8daf7d000 	C:\WINDOWS\System32\shlwapi.dll
0x00007ff8d95e0000 - 0x00007ff8d9601000 	C:\WINDOWS\SYSTEM32\profapi.dll
0x00007ff8c7f50000 - 0x00007ff8c7f5a000 	C:\apache-maven-3.6.3\lib\jansi-native\windows64\jansi.dll
0x00007ff8bdd10000 - 0x00007ff8bdd2c000 	C:\Program Files\Java\jdk1.8.0_271\jre\bin\net.dll
0x00007ff8d8cd0000 - 0x00007ff8d8d37000 	C:\WINDOWS\system32\mswsock.dll
0x00007ff8bd2e0000 - 0x00007ff8bd2f3000 	C:\Program Files\Java\jdk1.8.0_271\jre\bin\nio.dll
0x00007ff8bcd20000 - 0x00007ff8bcd44000 	C:\Program Files\Java\jdk1.8.0_271\jre\bin\sunec.dll
0x00007ff8d8410000 - 0x00007ff8d843d000 	C:\WINDOWS\SYSTEM32\IPHLPAPI.DLL
0x00007ff8dbab0000 - 0x00007ff8dbab9000 	C:\WINDOWS\System32\NSI.dll
0x00007ff8d3820000 - 0x00007ff8d3839000 	C:\WINDOWS\SYSTEM32\dhcpcsvc6.DLL
0x00007ff8d3be0000 - 0x00007ff8d3bfe000 	C:\WINDOWS\SYSTEM32\dhcpcsvc.DLL
0x00007ff8d8440000 - 0x00007ff8d8527000 	C:\WINDOWS\SYSTEM32\DNSAPI.dll
0x00007ff8d8f10000 - 0x00007ff8d8f28000 	C:\WINDOWS\SYSTEM32\CRYPTSP.dll
0x00007ff8d8800000 - 0x00007ff8d8835000 	C:\WINDOWS\system32\rsaenh.dll
0x00007ff8d8dc0000 - 0x00007ff8d8de9000 	C:\WINDOWS\SYSTEM32\USERENV.dll
0x00007ff8d9090000 - 0x00007ff8d90b7000 	C:\WINDOWS\SYSTEM32\bcrypt.dll
0x00007ff8d9fe0000 - 0x00007ff8da05f000 	C:\WINDOWS\System32\bcryptprimitives.dll
0x00007ff8d8f30000 - 0x00007ff8d8f3c000 	C:\WINDOWS\SYSTEM32\CRYPTBASE.dll
0x00007ff8c68a0000 - 0x00007ff8c68ad000 	C:\Program Files\Java\jdk1.8.0_271\jre\bin\management.dll
0x00007ff8b0150000 - 0x00007ff8b019b000 	C:\Program Files (x86)\Sangfor\SSL\ClientComponent3\SangforNspX64.dll
0x00007ff8dad50000 - 0x00007ff8daeea000 	C:\WINDOWS\System32\ole32.dll
0x00007ff8dab50000 - 0x00007ff8dac26000 	C:\WINDOWS\System32\OLEAUT32.dll
0x00007ff8afd60000 - 0x00007ff8afd77000 	C:\WINDOWS\system32\napinsp.dll
0x00007ff8b0da0000 - 0x00007ff8b0dbb000 	C:\WINDOWS\system32\pnrpnsp.dll
0x00007ff8afd40000 - 0x00007ff8afd52000 	C:\WINDOWS\System32\winrnr.dll
0x00007ff8d27d0000 - 0x00007ff8d27e5000 	C:\WINDOWS\system32\wshbth.dll
0x00007ff8afd20000 - 0x00007ff8afd3f000 	C:\WINDOWS\system32\nlansp_c.dll
0x00007ff8d2510000 - 0x00007ff8d251a000 	C:\Windows\System32\rasadhlp.dll
0x00007ff8d1d70000 - 0x00007ff8d1df1000 	C:\WINDOWS\System32\fwpuclnt.dll
0x00007ff8d7330000 - 0x00007ff8d7551000 	C:\WINDOWS\SYSTEM32\dbghelp.dll

VM Arguments:
jvm_args: -Dclassworlds.conf=C:\apache-maven-3.6.3\bin\..\bin\m2.conf -Dmaven.home=C:\apache-maven-3.6.3\bin\.. -Dlibrary.jansi.path=C:\apache-maven-3.6.3\bin\..\lib\jansi-native -Dmaven.multiModuleProjectDirectory=D:\java\flowable-engine 
java_command: org.codehaus.plexus.classworlds.launcher.Launcher deploy -DskipTests
java_class_path (initial): C:\apache-maven-3.6.3\bin\..\boot\plexus-classworlds-2.6.0.jar
Launcher Type: SUN_STANDARD

Environment Variables:
JAVA_HOME=C:\Program Files\Java\jdk1.8.0_271
JRE_HOME=C:\Program Files\Java\jdk1.8.0_271\jre
PATH=C:\Python310\Scripts\;C:\Python310\;D:\Python27\;D:\Python27\Scripts;D:\Program Files (x86)\VMware\VMware Workstation\bin\;C:\Program Files (x86)\Common Files\Oracle\Java\javapath;C:\Windows\system32;C:\Windows;C:\Windows\System32\Wbem;C:\Windows\System32\WindowsPowerShell\v1.0\;C:\Windows\System32\OpenSSH\;C:\Program Files (x86)\NVIDIA Corporation\PhysX\Common;C:\Program Files\NVIDIA Corporation\NVIDIA NvDLISR;d:\Program Files\Git\cmd;C:\Program Files (x86)\Yarn\bin\;C:\Program Files (x86)\Microsoft SQL Server\100\Tools\Binn\;C:\Program Files\Microsoft SQL Server\100\Tools\Binn\;C:\Program Files\Microsoft SQL Server\100\DTS\Binn\;C:\Program Files\CMake\bin;C:\TDM-GCC-64\bin;D:\Program Files (x86)\NetSarang\Xshell 7\;D:\Program Files (x86)\NetSarang\Xftp 7\;C:\ProgramData\chocolatey\bin;D:\Programs\php-8.0.3-nts-Win32-vs16-x64;D:\Program Files\Go\bin;C:\WINDOWS\system32;C:\WINDOWS;C:\WINDOWS\System32\Wbem;C:\WINDOWS\System32\WindowsPowerShell\v1.0\;C:\WINDOWS\System32\OpenSSH\;D:\Program Files\OpenVPN\bin;C:\Program Files\nodejs\;C:\Users\hulup\AppData\Local\Programs\Python\Python39\Scripts\;C:\Users\hulup\AppData\Local\Programs\Python\Python39\;C:\Program Files\MySQL\MySQL Shell 8.0\bin\;C:\Users\hulup\AppData\Local\Microsoft\WindowsApps;d:\Programs\Microsoft VS Code\bin;C:\Users\hulup\AppData\Local\Yarn\bin;C:\Program Files\Java\jdk1.8.0_271\bin\java.exe;C:\apache-maven-3.6.3\bin\;C:\TDM-GCC-64\bin;C:\Program Files\Java\jdk1.8.0_271\bin\;C:\Program Files\Java\jdk1.8.0_271\;D:\Programs\php-8.0.3-nts-Win32-vs16-x64;C:\Users\hulup\AppData\Local\ComposerSetup\bin;C:\Users\hulup\AppData\Roaming\Composer\vendor\bin;D:\Program Files (x86)\zhwk\bin\mslib;D:\Program Files (x86)\zhwk\bin\mslibx64;C:\Users\hulup\go\bin;C:\Users\hulup\AppData\Local\gitkraken\bin;C:\Users\hulup\AppData\Local\Microsoft\WindowsApps;C:\Users\hulup\AppData\Roaming\npm
USERNAME=hulup
OS=Windows_NT
PROCESSOR_IDENTIFIER=Intel64 Family 6 Model 140 Stepping 1, GenuineIntel



---------------  S Y S T E M  ---------------

OS: Windows 10.0 , 64 bit Build 22000 (10.0.22000.434)

CPU:total 8 (initial active 8) (4 cores per cpu, 2 threads per core) family 6 model 140 stepping 1, cmov, cx8, fxsr, mmx, sse, sse2, sse3, ssse3, sse4.1, sse4.2, popcnt, avx, avx2, aes, clmul, erms, 3dnowpref, lzcnt, ht, tsc, tscinvbit, bmi1, bmi2, adx

Memory: 4k page, physical 16571704k(623664k free), swap 28189236k(11348k free)

vm_info: Java HotSpot(TM) 64-Bit Server VM (25.271-b09) for windows-amd64 JRE (1.8.0_271-b09), built on Sep 16 2020 19:14:59 by "" with MS VC++ 15.9 (VS2017)

time: Mon Feb 21 12:14:31 2022
timezone: 中国标准时间
elapsed time: 83.799662 seconds (0d 0h 1m 23s)

