#
# There is insufficient memory for the Java Runtime Environment to continue.
# Native memory allocation (malloc) failed to allocate 1175216 bytes for Chunk::new
# Possible reasons:
#   The system is out of physical RAM or swap space
#   The process is running with CompressedOops enabled, and the Java Heap may be blocking the growth of the native heap
# Possible solutions:
#   Reduce memory load on the system
#   Increase physical memory or swap space
#   Check if swap backing store is full
#   Decrease Java heap size (-Xmx/-Xms)
#   Decrease number of Java threads
#   Decrease Java thread stack sizes (-Xss)
#   Set larger code cache with -XX:ReservedCodeCacheSize=
#   JVM is running with Zero Based Compressed Oops mode in which the Java heap is
#     placed in the first 32GB address space. The Java Heap base address is the
#     maximum limit for the native heap growth. Please use -XX:HeapBaseMinAddress
#     to set the Java Heap base and to place the Java Heap above 32GB virtual address.
# This output file may be truncated or incomplete.
#
#  Out of Memory Error (allocation.cpp:389), pid=102652, tid=0x000000000001e288
#
# JRE version: Java(TM) SE Runtime Environment (8.0_271-b09) (build 1.8.0_271-b09)
# Java VM: Java HotSpot(TM) 64-Bit Server VM (25.271-b09 mixed mode windows-amd64 compressed oops)
# Failed to write core dump. Minidumps are not enabled by default on client versions of Windows
#

---------------  T H R E A D  ---------------

Current thread (0x000001e5ff84d000):  JavaThread "C2 CompilerThread1" daemon [_thread_in_native, id=123528, stack(0x0000003fcd000000,0x0000003fcd100000)]

Stack: [0x0000003fcd000000,0x0000003fcd100000]
Native frames: (J=compiled Java code, j=interpreted, Vv=VM code, C=native code)
V  [jvm.dll+0x33f6c9]
V  [jvm.dll+0x286122]
V  [jvm.dll+0x286dcd]
V  [jvm.dll+0x27d805]
V  [jvm.dll+0xe574c]
V  [jvm.dll+0xe5f4c]
V  [jvm.dll+0x480043]
V  [jvm.dll+0x447c30]
V  [jvm.dll+0x450c25]
V  [jvm.dll+0x44ffe5]
V  [jvm.dll+0x43aef7]
V  [jvm.dll+0xbc3eb]
V  [jvm.dll+0xbaa4b]
V  [jvm.dll+0x24e7c2]
V  [jvm.dll+0x2a2dcc]
C  [ucrtbase.dll+0x26c0c]
C  [KERNEL32.DLL+0x154e0]
C  [ntdll.dll+0x485b]


Current CompileTask:
C2:  43147 14717       4       com.sun.tools.javac.code.Types$8::visitClassType (987 bytes)


---------------  P R O C E S S  ---------------

Java Threads: ( => current thread )
  0x000001e580b74800 JavaThread "Service Thread" daemon [_thread_blocked, id=155860, stack(0x0000003fcd300000,0x0000003fcd400000)]
  0x000001e5ff851000 JavaThread "C1 CompilerThread3" daemon [_thread_blocked, id=63452, stack(0x0000003fcd200000,0x0000003fcd300000)]
  0x000001e5ff84e000 JavaThread "C2 CompilerThread2" daemon [_thread_blocked, id=112952, stack(0x0000003fcd100000,0x0000003fcd200000)]
=>0x000001e5ff84d000 JavaThread "C2 CompilerThread1" daemon [_thread_in_native, id=123528, stack(0x0000003fcd000000,0x0000003fcd100000)]
  0x000001e5ff849800 JavaThread "C2 CompilerThread0" daemon [_thread_blocked, id=82264, stack(0x0000003fccf00000,0x0000003fcd000000)]
  0x000001e5ff7f5800 JavaThread "Attach Listener" daemon [_thread_blocked, id=155828, stack(0x0000003fcce00000,0x0000003fccf00000)]
  0x000001e5ff7de800 JavaThread "Signal Dispatcher" daemon [_thread_blocked, id=110448, stack(0x0000003fccd00000,0x0000003fcce00000)]
  0x000001e5ff7c0800 JavaThread "Finalizer" daemon [_thread_blocked, id=26384, stack(0x0000003fccc00000,0x0000003fccd00000)]
  0x000001e5ff7b8800 JavaThread "Reference Handler" daemon [_thread_blocked, id=155368, stack(0x0000003fccb00000,0x0000003fccc00000)]
  0x000001e5e4215800 JavaThread "main" [_thread_in_Java, id=29468, stack(0x0000003fcc100000,0x0000003fcc200000)]

Other Threads:
  0x000001e5ff791800 VMThread [stack: 0x0000003fcca00000,0x0000003fccb00000] [id=113524]
  0x000001e580bb5000 WatcherThread [stack: 0x0000003fcd400000,0x0000003fcd500000] [id=114872]

VM state:not at safepoint (normal execution)

VM Mutex/Monitor currently owned by a thread: None

heap address: 0x00000006c3200000, size: 4046 MB, Compressed Oops mode: Zero based, Oop shift amount: 3
Narrow klass base: 0x0000000000000000, Narrow klass shift: 3
Compressed class space size: 1073741824 Address: 0x00000007c0000000

Heap:
 PSYoungGen      total 664576K, used 82756K [0x000000076bb80000, 0x000000079f680000, 0x00000007c0000000)
  eden space 596480K, 13% used [0x000000076bb80000,0x0000000770c51050,0x0000000790200000)
  from space 68096K, 0% used [0x0000000790200000,0x0000000790200000,0x0000000794480000)
  to   space 93184K, 0% used [0x0000000799b80000,0x0000000799b80000,0x000000079f680000)
 ParOldGen       total 191488K, used 162613K [0x00000006c3200000, 0x00000006ced00000, 0x000000076bb80000)
  object space 191488K, 84% used [0x00000006c3200000,0x00000006cd0cd598,0x00000006ced00000)
 Metaspace       used 38106K, capacity 39246K, committed 43568K, reserved 1087488K
  class space    used 4041K, capacity 4324K, committed 4656K, reserved 1048576K

Card table byte_map: [0x000001e5f4ee0000,0x000001e5f56d0000] byte_map_base: 0x000001e5f18c7000

Marking Bits: (ParMarkBitMap*) 0x0000000073f77fe0
 Begin Bits: [0x000001e5f5c20000, 0x000001e5f9b58000)
 End Bits:   [0x000001e5f9b58000, 0x000001e5fda90000)

Polling page: 0x000001e5e5af0000

CodeCache: size=245760Kb used=46216Kb max_used=47051Kb free=199543Kb
 bounds [0x000001e5e5b20000, 0x000001e5e8a30000, 0x000001e5f4b20000]
 total_blobs=10987 nmethods=10523 adapters=375
 compilation: enabled

Compilation events (10 events):
Event: 42.865 Thread 0x000001e5ff851000 nmethod 14712 0x000001e5e6ebdbd0 code [0x000001e5e6ebdd60, 0x000001e5e6ebe278]
Event: 42.865 Thread 0x000001e5ff851000 14713       3       com.sun.tools.javac.code.Types$23::visitMethodType (21 bytes)
Event: 42.865 Thread 0x000001e5ff851000 nmethod 14713 0x000001e5e6be2890 code [0x000001e5e6be2a00, 0x000001e5e6be2db8]
Event: 42.867 Thread 0x000001e5ff84e000 14714       4       com.sun.tools.javac.comp.Attr::isStaticEnumField (44 bytes)
Event: 42.868 Thread 0x000001e5ff851000 14715       3       com.sun.tools.javac.comp.Attr::checkInit (240 bytes)
Event: 42.869 Thread 0x000001e5ff84e000 nmethod 14714 0x000001e5e70a06d0 code [0x000001e5e70a0840, 0x000001e5e70a09b8]
Event: 42.870 Thread 0x000001e5ff851000 nmethod 14715 0x000001e5e6901590 code [0x000001e5e6901940, 0x000001e5e6903d40]
Event: 42.870 Thread 0x000001e5ff849800 14716       4       com.sun.tools.javac.comp.Attr::checkEnumInitializer (99 bytes)
Event: 42.873 Thread 0x000001e5ff849800 nmethod 14716 0x000001e5e69121d0 code [0x000001e5e6912380, 0x000001e5e69127a0]
Event: 42.905 Thread 0x000001e5ff84d000 14717       4       com.sun.tools.javac.code.Types$8::visitClassType (987 bytes)

GC Heap History (10 events):
Event: 38.449 GC heap before
{Heap before GC invocations=24 (full 3):
 PSYoungGen      total 664576K, used 68078K [0x000000076bb80000, 0x000000079f680000, 0x00000007c0000000)
  eden space 596480K, 0% used [0x000000076bb80000,0x000000076bb80000,0x0000000790200000)
  from space 68096K, 99% used [0x0000000790200000,0x000000079447bb68,0x0000000794480000)
  to   space 93184K, 0% used [0x0000000799b80000,0x0000000799b80000,0x000000079f680000)
 ParOldGen       total 191488K, used 174573K [0x00000006c3200000, 0x00000006ced00000, 0x000000076bb80000)
  object space 191488K, 91% used [0x00000006c3200000,0x00000006cdc7b420,0x00000006ced00000)
 Metaspace       used 39857K, capacity 43394K, committed 43568K, reserved 1087488K
  class space    used 4267K, capacity 4636K, committed 4656K, reserved 1048576K
Event: 38.745 GC heap after
Heap after GC invocations=24 (full 3):
 PSYoungGen      total 664576K, used 0K [0x000000076bb80000, 0x000000079f680000, 0x00000007c0000000)
  eden space 596480K, 0% used [0x000000076bb80000,0x000000076bb80000,0x0000000790200000)
  from space 68096K, 0% used [0x0000000790200000,0x0000000790200000,0x0000000794480000)
  to   space 93184K, 0% used [0x0000000799b80000,0x0000000799b80000,0x000000079f680000)
 ParOldGen       total 191488K, used 153557K [0x00000006c3200000, 0x00000006ced00000, 0x000000076bb80000)
  object space 191488K, 80% used [0x00000006c3200000,0x00000006cc7f5758,0x00000006ced00000)
 Metaspace       used 38056K, capacity 39182K, committed 43568K, reserved 1087488K
  class space    used 4038K, capacity 4324K, committed 4656K, reserved 1048576K
}
Event: 39.436 GC heap before
{Heap before GC invocations=25 (full 4):
 PSYoungGen      total 664576K, used 596480K [0x000000076bb80000, 0x000000079f680000, 0x00000007c0000000)
  eden space 596480K, 100% used [0x000000076bb80000,0x0000000790200000,0x0000000790200000)
  from space 68096K, 0% used [0x0000000790200000,0x0000000790200000,0x0000000794480000)
  to   space 93184K, 0% used [0x0000000799b80000,0x0000000799b80000,0x000000079f680000)
 ParOldGen       total 191488K, used 153557K [0x00000006c3200000, 0x00000006ced00000, 0x000000076bb80000)
  object space 191488K, 80% used [0x00000006c3200000,0x00000006cc7f5758,0x00000006ced00000)
 Metaspace       used 38076K, capacity 39246K, committed 43568K, reserved 1087488K
  class space    used 4038K, capacity 4324K, committed 4656K, reserved 1048576K
Event: 39.959 GC heap after
Heap after GC invocations=25 (full 4):
 PSYoungGen      total 664576K, used 0K [0x000000076bb80000, 0x000000079f680000, 0x00000007c0000000)
  eden space 596480K, 0% used [0x000000076bb80000,0x000000076bb80000,0x0000000790200000)
  from space 68096K, 0% used [0x0000000790200000,0x0000000790200000,0x0000000794480000)
  to   space 93184K, 0% used [0x0000000799b80000,0x0000000799b80000,0x000000079f680000)
 ParOldGen       total 191488K, used 155535K [0x00000006c3200000, 0x00000006ced00000, 0x000000076bb80000)
  object space 191488K, 81% used [0x00000006c3200000,0x00000006cc9e3e60,0x00000006ced00000)
 Metaspace       used 38076K, capacity 39246K, committed 43568K, reserved 1087488K
  class space    used 4038K, capacity 4324K, committed 4656K, reserved 1048576K
}
Event: 40.724 GC heap before
{Heap before GC invocations=26 (full 5):
 PSYoungGen      total 664576K, used 596480K [0x000000076bb80000, 0x000000079f680000, 0x00000007c0000000)
  eden space 596480K, 100% used [0x000000076bb80000,0x0000000790200000,0x0000000790200000)
  from space 68096K, 0% used [0x0000000790200000,0x0000000790200000,0x0000000794480000)
  to   space 93184K, 0% used [0x0000000799b80000,0x0000000799b80000,0x000000079f680000)
 ParOldGen       total 191488K, used 155535K [0x00000006c3200000, 0x00000006ced00000, 0x000000076bb80000)
  object space 191488K, 81% used [0x00000006c3200000,0x00000006cc9e3e60,0x00000006ced00000)
 Metaspace       used 38086K, capacity 39246K, committed 43568K, reserved 1087488K
  class space    used 4040K, capacity 4324K, committed 4656K, reserved 1048576K
Event: 41.214 GC heap after
Heap after GC invocations=26 (full 5):
 PSYoungGen      total 664576K, used 0K [0x000000076bb80000, 0x000000079f680000, 0x00000007c0000000)
  eden space 596480K, 0% used [0x000000076bb80000,0x000000076bb80000,0x0000000790200000)
  from space 68096K, 0% used [0x0000000790200000,0x0000000790200000,0x0000000794480000)
  to   space 93184K, 0% used [0x0000000799b80000,0x0000000799b80000,0x000000079f680000)
 ParOldGen       total 191488K, used 157407K [0x00000006c3200000, 0x00000006ced00000, 0x000000076bb80000)
  object space 191488K, 82% used [0x00000006c3200000,0x00000006ccbb7f80,0x00000006ced00000)
 Metaspace       used 38086K, capacity 39246K, committed 43568K, reserved 1087488K
  class space    used 4040K, capacity 4324K, committed 4656K, reserved 1048576K
}
Event: 41.915 GC heap before
{Heap before GC invocations=27 (full 6):
 PSYoungGen      total 664576K, used 596480K [0x000000076bb80000, 0x000000079f680000, 0x00000007c0000000)
  eden space 596480K, 100% used [0x000000076bb80000,0x0000000790200000,0x0000000790200000)
  from space 68096K, 0% used [0x0000000790200000,0x0000000790200000,0x0000000794480000)
  to   space 93184K, 0% used [0x0000000799b80000,0x0000000799b80000,0x000000079f680000)
 ParOldGen       total 191488K, used 157407K [0x00000006c3200000, 0x00000006ced00000, 0x000000076bb80000)
  object space 191488K, 82% used [0x00000006c3200000,0x00000006ccbb7f80,0x00000006ced00000)
 Metaspace       used 38103K, capacity 39246K, committed 43568K, reserved 1087488K
  class space    used 4041K, capacity 4324K, committed 4656K, reserved 1048576K
Event: 42.298 GC heap after
Heap after GC invocations=27 (full 6):
 PSYoungGen      total 664576K, used 0K [0x000000076bb80000, 0x000000079f680000, 0x00000007c0000000)
  eden space 596480K, 0% used [0x000000076bb80000,0x000000076bb80000,0x0000000790200000)
  from space 68096K, 0% used [0x0000000790200000,0x0000000790200000,0x0000000794480000)
  to   space 93184K, 0% used [0x0000000799b80000,0x0000000799b80000,0x000000079f680000)
 ParOldGen       total 191488K, used 159329K [0x00000006c3200000, 0x00000006ced00000, 0x000000076bb80000)
  object space 191488K, 83% used [0x00000006c3200000,0x00000006ccd98530,0x00000006ced00000)
 Metaspace       used 38103K, capacity 39246K, committed 43568K, reserved 1087488K
  class space    used 4041K, capacity 4324K, committed 4656K, reserved 1048576K
}
Event: 42.945 GC heap before
{Heap before GC invocations=28 (full 7):
 PSYoungGen      total 664576K, used 596480K [0x000000076bb80000, 0x000000079f680000, 0x00000007c0000000)
  eden space 596480K, 100% used [0x000000076bb80000,0x0000000790200000,0x0000000790200000)
  from space 68096K, 0% used [0x0000000790200000,0x0000000790200000,0x0000000794480000)
  to   space 93184K, 0% used [0x0000000799b80000,0x0000000799b80000,0x000000079f680000)
 ParOldGen       total 191488K, used 159329K [0x00000006c3200000, 0x00000006ced00000, 0x000000076bb80000)
  object space 191488K, 83% used [0x00000006c3200000,0x00000006ccd98530,0x00000006ced00000)
 Metaspace       used 38106K, capacity 39246K, committed 43568K, reserved 1087488K
  class space    used 4041K, capacity 4324K, committed 4656K, reserved 1048576K
Event: 43.065 GC heap after
Heap after GC invocations=28 (full 7):
 PSYoungGen      total 664576K, used 0K [0x000000076bb80000, 0x000000079f680000, 0x00000007c0000000)
  eden space 596480K, 0% used [0x000000076bb80000,0x000000076bb80000,0x0000000790200000)
  from space 68096K, 0% used [0x0000000790200000,0x0000000790200000,0x0000000794480000)
  to   space 93184K, 0% used [0x0000000799b80000,0x0000000799b80000,0x000000079f680000)
 ParOldGen       total 191488K, used 162613K [0x00000006c3200000, 0x00000006ced00000, 0x000000076bb80000)
  object space 191488K, 84% used [0x00000006c3200000,0x00000006cd0cd598,0x00000006ced00000)
 Metaspace       used 38106K, capacity 39246K, committed 43568K, reserved 1087488K
  class space    used 4041K, capacity 4324K, committed 4656K, reserved 1048576K
}

Deoptimization events (10 events):
Event: 42.362 Thread 0x000001e5e4215800 Uncommon trap: reason=unstable_if action=reinterpret pc=0x000001e5e7ab5990 method=com.sun.tools.javac.comp.Resolve$AbstractMethodCheck.argumentsAcceptable(Lcom/sun/tools/javac/comp/Env;Lcom/sun/tools/javac/comp/DeferredAttr$DeferredAttrContext;Lcom/sun/to
Event: 42.451 Thread 0x000001e5e4215800 Uncommon trap: reason=unstable_if action=reinterpret pc=0x000001e5e7a85c84 method=com.sun.tools.javac.comp.TransTypes.coerce(Lcom/sun/tools/javac/tree/JCTree$JCExpression;Lcom/sun/tools/javac/code/Type;)Lcom/sun/tools/javac/tree/JCTree$JCExpression; @ 16
Event: 42.456 Thread 0x000001e5e4215800 Uncommon trap: reason=unstable_if action=reinterpret pc=0x000001e5e7c76c38 method=com.sun.tools.javac.comp.LambdaToMethod$LambdaAnalyzerPreprocessor.visitVarDef(Lcom/sun/tools/javac/tree/JCTree$JCVariableDecl;)V @ 48
Event: 42.456 Thread 0x000001e5e4215800 Uncommon trap: reason=unstable_if action=reinterpret pc=0x000001e5e897f990 method=com.sun.tools.javac.comp.LambdaToMethod.visitVarDef(Lcom/sun/tools/javac/tree/JCTree$JCVariableDecl;)V @ 31
Event: 42.490 Thread 0x000001e5e4215800 Uncommon trap: reason=bimorphic action=maybe_recompile pc=0x000001e5e7b30798 method=com.sun.tools.javac.code.Types$8.visitClassType(Lcom/sun/tools/javac/code/Type$ClassType;Lcom/sun/tools/javac/code/Type;)Ljava/lang/Boolean; @ 87
Event: 42.490 Thread 0x000001e5e4215800 Uncommon trap: reason=class_check action=maybe_recompile pc=0x000001e5e6bc6298 method=com.sun.tools.javac.code.Types$Rewriter.visitClassType(Lcom/sun/tools/javac/code/Type$ClassType;Ljava/lang/Void;)Lcom/sun/tools/javac/code/Type; @ 12
Event: 42.490 Thread 0x000001e5e4215800 Uncommon trap: reason=bimorphic action=maybe_recompile pc=0x000001e5e7b30798 method=com.sun.tools.javac.code.Types$8.visitClassType(Lcom/sun/tools/javac/code/Type$ClassType;Lcom/sun/tools/javac/code/Type;)Ljava/lang/Boolean; @ 87
Event: 42.731 Thread 0x000001e5e4215800 Uncommon trap: reason=unstable_if action=reinterpret pc=0x000001e5e88975ec method=com.sun.tools.javac.comp.Check.checkExtends(Lcom/sun/tools/javac/code/Type;Lcom/sun/tools/javac/code/Type;)Z @ 42
Event: 42.833 Thread 0x000001e5e4215800 Uncommon trap: reason=bimorphic action=maybe_recompile pc=0x000001e5e7b30798 method=com.sun.tools.javac.code.Types$8.visitClassType(Lcom/sun/tools/javac/code/Type$ClassType;Lcom/sun/tools/javac/code/Type;)Ljava/lang/Boolean; @ 87
Event: 42.866 Thread 0x000001e5e4215800 Uncommon trap: reason=unstable_if action=reinterpret pc=0x000001e5e7a7d994 method=com.sun.tools.javac.comp.Attr.checkInit(Lcom/sun/tools/javac/tree/JCTree;Lcom/sun/tools/javac/comp/Env;Lcom/sun/tools/javac/code/Symbol$VarSymbol;Z)V @ 11

Classes redefined (0 events):
No events

Internal exceptions (10 events):
Event: 30.554 Thread 0x000001e5e4215800 Exception <a 'java/io/FileNotFoundException'> (0x00000007762d8128) thrown at [C:\jenkins\workspace\8-2-build-windows-amd64-cygwin\jdk8u271\605\hotspot\src\share\vm\prims\jni.cpp, line 710]
Event: 30.554 Thread 0x000001e5e4215800 Exception <a 'java/io/FileNotFoundException'> (0x00000007762d9a48) thrown at [C:\jenkins\workspace\8-2-build-windows-amd64-cygwin\jdk8u271\605\hotspot\src\share\vm\prims\jni.cpp, line 710]
Event: 33.170 Thread 0x000001e5e4215800 Implicit null exception at 0x000001e5e880745f to 0x000001e5e880796d
Event: 36.719 Thread 0x000001e5e4215800 Exception <a 'java/security/PrivilegedActionException'> (0x000000078d7f7e80) thrown at [C:\jenkins\workspace\8-2-build-windows-amd64-cygwin\jdk8u271\605\hotspot\src\share\vm\prims\jvm.cpp, line 1512]
Event: 36.719 Thread 0x000001e5e4215800 Exception <a 'java/security/PrivilegedActionException'> (0x000000078d7f8278) thrown at [C:\jenkins\workspace\8-2-build-windows-amd64-cygwin\jdk8u271\605\hotspot\src\share\vm\prims\jvm.cpp, line 1512]
Event: 36.719 Thread 0x000001e5e4215800 Exception <a 'java/security/PrivilegedActionException'> (0x000000078d7f9710) thrown at [C:\jenkins\workspace\8-2-build-windows-amd64-cygwin\jdk8u271\605\hotspot\src\share\vm\prims\jvm.cpp, line 1512]
Event: 36.719 Thread 0x000001e5e4215800 Exception <a 'java/security/PrivilegedActionException'> (0x000000078d7f9b08) thrown at [C:\jenkins\workspace\8-2-build-windows-amd64-cygwin\jdk8u271\605\hotspot\src\share\vm\prims\jvm.cpp, line 1512]
Event: 37.210 Thread 0x000001e5e4215800 Exception <a 'java/io/FileNotFoundException'> (0x00000007754e0410) thrown at [C:\jenkins\workspace\8-2-build-windows-amd64-cygwin\jdk8u271\605\hotspot\src\share\vm\prims\jni.cpp, line 710]
Event: 37.210 Thread 0x000001e5e4215800 Exception <a 'java/io/FileNotFoundException'> (0x00000007754e1d30) thrown at [C:\jenkins\workspace\8-2-build-windows-amd64-cygwin\jdk8u271\605\hotspot\src\share\vm\prims\jni.cpp, line 710]
Event: 37.222 Thread 0x000001e5e4215800 Exception <a 'java/io/FileNotFoundException'> (0x0000000775731928) thrown at [C:\jenkins\workspace\8-2-build-windows-amd64-cygwin\jdk8u271\605\hotspot\src\share\vm\prims\jni.cpp, line 710]

Events (10 events):
Event: 42.731 Thread 0x000001e5e4215800 DEOPT PACKING pc=0x000001e5e88975ec sp=0x0000003fcc1fcfe0
Event: 42.731 Thread 0x000001e5e4215800 DEOPT UNPACKING pc=0x000001e5e5b65843 sp=0x0000003fcc1fcf58 mode 2
Event: 42.833 Thread 0x000001e5e4215800 Uncommon trap: trap_request=0xffffffc6 fr.pc=0x000001e5e7b30798
Event: 42.833 Thread 0x000001e5e4215800 DEOPT PACKING pc=0x000001e5e7b30798 sp=0x0000003fcc1fc0e0
Event: 42.833 Thread 0x000001e5e4215800 DEOPT UNPACKING pc=0x000001e5e5b65843 sp=0x0000003fcc1fc0d8 mode 2
Event: 42.866 Thread 0x000001e5e4215800 Uncommon trap: trap_request=0xffffff65 fr.pc=0x000001e5e7a7d994
Event: 42.866 Thread 0x000001e5e4215800 DEOPT PACKING pc=0x000001e5e7a7d994 sp=0x0000003fcc1fc660
Event: 42.866 Thread 0x000001e5e4215800 DEOPT UNPACKING pc=0x000001e5e5b65843 sp=0x0000003fcc1fc610 mode 2
Event: 42.944 Executing VM operation: ParallelGCFailedAllocation
Event: 43.065 Executing VM operation: ParallelGCFailedAllocation done


Dynamic libraries:
0x00007ff720ec0000 - 0x00007ff720f07000 	C:\Program Files\Java\jdk1.8.0_271\bin\java.exe
0x00007ff8dc1c0000 - 0x00007ff8dc3c7000 	C:\WINDOWS\SYSTEM32\ntdll.dll
0x00007ff8da790000 - 0x00007ff8da84d000 	C:\WINDOWS\System32\KERNEL32.DLL
0x00007ff8d98e0000 - 0x00007ff8d9c54000 	C:\WINDOWS\System32\KERNELBASE.dll
0x00007ff8dc0d0000 - 0x00007ff8dc17e000 	C:\WINDOWS\System32\ADVAPI32.dll
0x00007ff8da850000 - 0x00007ff8da8f3000 	C:\WINDOWS\System32\msvcrt.dll
0x00007ff8da900000 - 0x00007ff8da99e000 	C:\WINDOWS\System32\sechost.dll
0x00007ff8dbe50000 - 0x00007ff8dbf70000 	C:\WINDOWS\System32\RPCRT4.dll
0x00007ff8da9a0000 - 0x00007ff8dab4c000 	C:\WINDOWS\System32\USER32.dll
0x00007ff8d9dd0000 - 0x00007ff8d9df6000 	C:\WINDOWS\System32\win32u.dll
0x00007ff8daef0000 - 0x00007ff8daf19000 	C:\WINDOWS\System32\GDI32.dll
0x00007ff8d97c0000 - 0x00007ff8d98d2000 	C:\WINDOWS\System32\gdi32full.dll
0x00007ff8d9720000 - 0x00007ff8d97bd000 	C:\WINDOWS\System32\msvcp_win.dll
0x00007ff8d9e00000 - 0x00007ff8d9f11000 	C:\WINDOWS\System32\ucrtbase.dll
0x00007ff8c0550000 - 0x00007ff8c07f5000 	C:\WINDOWS\WinSxS\amd64_microsoft.windows.common-controls_6595b64144ccf1df_6.0.22000.120_none_9d947278b86cc467\COMCTL32.dll
0x00007ff8dbe10000 - 0x00007ff8dbe41000 	C:\WINDOWS\System32\IMM32.DLL
0x00007ff8c7700000 - 0x00007ff8c7715000 	C:\Program Files\Java\jdk1.8.0_271\jre\bin\vcruntime140.dll
0x00007ff8c0420000 - 0x00007ff8c04bb000 	C:\Program Files\Java\jdk1.8.0_271\jre\bin\msvcp140.dll
0x0000000073780000 - 0x0000000073fef000 	C:\Program Files\Java\jdk1.8.0_271\jre\bin\server\jvm.dll
0x00007ff8dbbb0000 - 0x00007ff8dbbb8000 	C:\WINDOWS\System32\PSAPI.DLL
0x00007ff8b8780000 - 0x00007ff8b8789000 	C:\WINDOWS\SYSTEM32\WSOCK32.dll
0x00007ff8dbf70000 - 0x00007ff8dbfdf000 	C:\WINDOWS\System32\WS2_32.dll
0x00007ff8d4840000 - 0x00007ff8d4873000 	C:\WINDOWS\SYSTEM32\WINMM.dll
0x00007ff8d1670000 - 0x00007ff8d167a000 	C:\WINDOWS\SYSTEM32\VERSION.dll
0x00007ff8d88a0000 - 0x00007ff8d88b8000 	C:\WINDOWS\SYSTEM32\kernel.appcore.dll
0x00007ff8cbd90000 - 0x00007ff8cbda0000 	C:\Program Files\Java\jdk1.8.0_271\jre\bin\verify.dll
0x00007ff8c1320000 - 0x00007ff8c134b000 	C:\Program Files\Java\jdk1.8.0_271\jre\bin\java.dll
0x00007ff8bed90000 - 0x00007ff8beda8000 	C:\Program Files\Java\jdk1.8.0_271\jre\bin\zip.dll
0x00007ff8db300000 - 0x00007ff8dbaae000 	C:\WINDOWS\System32\SHELL32.dll
0x00007ff8d7830000 - 0x00007ff8d8097000 	C:\WINDOWS\SYSTEM32\windows.storage.dll
0x00007ff8daf80000 - 0x00007ff8db2f8000 	C:\WINDOWS\System32\combase.dll
0x00007ff8d7560000 - 0x00007ff8d76c6000 	C:\WINDOWS\SYSTEM32\wintypes.dll
0x00007ff8dbac0000 - 0x00007ff8dbbaa000 	C:\WINDOWS\System32\SHCORE.dll
0x00007ff8daf20000 - 0x00007ff8daf7d000 	C:\WINDOWS\System32\shlwapi.dll
0x00007ff8d95e0000 - 0x00007ff8d9601000 	C:\WINDOWS\SYSTEM32\profapi.dll
0x00007ff8c80f0000 - 0x00007ff8c80fa000 	C:\apache-maven-3.6.3\lib\jansi-native\windows64\jansi.dll
0x00007ff8bdd10000 - 0x00007ff8bdd2c000 	C:\Program Files\Java\jdk1.8.0_271\jre\bin\net.dll
0x00007ff8d8cd0000 - 0x00007ff8d8d37000 	C:\WINDOWS\system32\mswsock.dll
0x00007ff8bd2e0000 - 0x00007ff8bd2f3000 	C:\Program Files\Java\jdk1.8.0_271\jre\bin\nio.dll
0x00007ff8c7f50000 - 0x00007ff8c7f5d000 	C:\Program Files\Java\jdk1.8.0_271\jre\bin\management.dll
0x00007ff8b0150000 - 0x00007ff8b019b000 	C:\Program Files (x86)\Sangfor\SSL\ClientComponent3\SangforNspX64.dll
0x00007ff8dad50000 - 0x00007ff8daeea000 	C:\WINDOWS\System32\ole32.dll
0x00007ff8dab50000 - 0x00007ff8dac26000 	C:\WINDOWS\System32\OLEAUT32.dll
0x00007ff8afd60000 - 0x00007ff8afd77000 	C:\WINDOWS\system32\napinsp.dll
0x00007ff8b0da0000 - 0x00007ff8b0dbb000 	C:\WINDOWS\system32\pnrpnsp.dll
0x00007ff8d8440000 - 0x00007ff8d8527000 	C:\WINDOWS\SYSTEM32\DNSAPI.dll
0x00007ff8d8410000 - 0x00007ff8d843d000 	C:\WINDOWS\SYSTEM32\IPHLPAPI.DLL
0x00007ff8dbab0000 - 0x00007ff8dbab9000 	C:\WINDOWS\System32\NSI.dll
0x00007ff8afd40000 - 0x00007ff8afd52000 	C:\WINDOWS\System32\winrnr.dll
0x00007ff8d27d0000 - 0x00007ff8d27e5000 	C:\WINDOWS\system32\wshbth.dll
0x00007ff8afd20000 - 0x00007ff8afd3f000 	C:\WINDOWS\system32\nlansp_c.dll
0x00007ff8d2510000 - 0x00007ff8d251a000 	C:\Windows\System32\rasadhlp.dll
0x00007ff8d1d70000 - 0x00007ff8d1df1000 	C:\WINDOWS\System32\fwpuclnt.dll
0x00007ff8d7330000 - 0x00007ff8d7551000 	C:\WINDOWS\SYSTEM32\dbghelp.dll
0x00007ff8d9fe0000 - 0x00007ff8da05f000 	C:\WINDOWS\System32\bcryptPrimitives.dll

VM Arguments:
jvm_args: -Dclassworlds.conf=C:\apache-maven-3.6.3\bin\..\bin\m2.conf -Dmaven.home=C:\apache-maven-3.6.3\bin\.. -Dlibrary.jansi.path=C:\apache-maven-3.6.3\bin\..\lib\jansi-native -Dmaven.multiModuleProjectDirectory=D:\java\flowable-engine 
java_command: org.codehaus.plexus.classworlds.launcher.Launcher clean package -DskipTests
java_class_path (initial): C:\apache-maven-3.6.3\bin\..\boot\plexus-classworlds-2.6.0.jar
Launcher Type: SUN_STANDARD

Environment Variables:
JAVA_HOME=C:\Program Files\Java\jdk1.8.0_271
JRE_HOME=C:\Program Files\Java\jdk1.8.0_271\jre
PATH=C:\Python310\Scripts\;C:\Python310\;D:\Python27\;D:\Python27\Scripts;D:\Program Files (x86)\VMware\VMware Workstation\bin\;C:\Program Files (x86)\Common Files\Oracle\Java\javapath;C:\Windows\system32;C:\Windows;C:\Windows\System32\Wbem;C:\Windows\System32\WindowsPowerShell\v1.0\;C:\Windows\System32\OpenSSH\;C:\Program Files (x86)\NVIDIA Corporation\PhysX\Common;C:\Program Files\NVIDIA Corporation\NVIDIA NvDLISR;d:\Program Files\Git\cmd;C:\Program Files (x86)\Yarn\bin\;C:\Program Files (x86)\Microsoft SQL Server\100\Tools\Binn\;C:\Program Files\Microsoft SQL Server\100\Tools\Binn\;C:\Program Files\Microsoft SQL Server\100\DTS\Binn\;C:\Program Files\CMake\bin;C:\TDM-GCC-64\bin;D:\Program Files (x86)\NetSarang\Xshell 7\;D:\Program Files (x86)\NetSarang\Xftp 7\;C:\ProgramData\chocolatey\bin;D:\Programs\php-8.0.3-nts-Win32-vs16-x64;D:\Program Files\Go\bin;C:\WINDOWS\system32;C:\WINDOWS;C:\WINDOWS\System32\Wbem;C:\WINDOWS\System32\WindowsPowerShell\v1.0\;C:\WINDOWS\System32\OpenSSH\;D:\Program Files\OpenVPN\bin;C:\Program Files\nodejs\;C:\Users\hulup\AppData\Local\Programs\Python\Python39\Scripts\;C:\Users\hulup\AppData\Local\Programs\Python\Python39\;C:\Program Files\MySQL\MySQL Shell 8.0\bin\;C:\Users\hulup\AppData\Local\Microsoft\WindowsApps;d:\Programs\Microsoft VS Code\bin;C:\Users\hulup\AppData\Local\Yarn\bin;C:\Program Files\Java\jdk1.8.0_271\bin\java.exe;C:\apache-maven-3.6.3\bin\;C:\TDM-GCC-64\bin;C:\Program Files\Java\jdk1.8.0_271\bin\;C:\Program Files\Java\jdk1.8.0_271\;D:\Programs\php-8.0.3-nts-Win32-vs16-x64;C:\Users\hulup\AppData\Local\ComposerSetup\bin;C:\Users\hulup\AppData\Roaming\Composer\vendor\bin;D:\Program Files (x86)\zhwk\bin\mslib;D:\Program Files (x86)\zhwk\bin\mslibx64;C:\Users\hulup\go\bin;C:\Users\hulup\AppData\Local\gitkraken\bin;C:\Users\hulup\AppData\Local\Microsoft\WindowsApps;C:\Users\hulup\AppData\Roaming\npm
USERNAME=hulup
OS=Windows_NT
PROCESSOR_IDENTIFIER=Intel64 Family 6 Model 140 Stepping 1, GenuineIntel



---------------  S Y S T E M  ---------------

OS: Windows 10.0 , 64 bit Build 22000 (10.0.22000.434)

CPU:total 8 (initial active 8) (4 cores per cpu, 2 threads per core) family 6 model 140 stepping 1, cmov, cx8, fxsr, mmx, sse, sse2, sse3, ssse3, sse4.1, sse4.2, popcnt, avx, avx2, aes, clmul, erms, 3dnowpref, lzcnt, ht, tsc, tscinvbit, bmi1, bmi2, adx

Memory: 4k page, physical 16571704k(1116324k free), swap 28189236k(1852k free)

vm_info: Java HotSpot(TM) 64-Bit Server VM (25.271-b09) for windows-amd64 JRE (1.8.0_271-b09), built on Sep 16 2020 19:14:59 by "" with MS VC++ 15.9 (VS2017)

time: Mon Feb 21 12:09:05 2022
timezone: 中国标准时间
elapsed time: 43.153440 seconds (0d 0h 0m 43s)

